TpTrace Verbose: 0 : 37468, 1, 2023/01/12, 20:04:15.870, 5236991646717, vstest.console.dll, Version: 17.3.1 Current process architecture: X64
TpTrace Verbose: 0 : 37468, 1, 2023/01/12, 20:04:15.871, 5236991656453, vstest.console.dll, Runtime location: C:\Program Files\dotnet\shared\Microsoft.NETCore.App\6.0.10
TpTrace Information: 0 : 37468, 1, 2023/01/12, 20:04:15.874, 5236991686328, vstest.console.dll, FilePatternParser: The given file C:\Users\jepp5\Documents\GitHub\SWT_Examen\swt_examen\Tests\bin\Debug\net6.0\fine-code-coverage\build-output\Tests.dll is a full path.
TpTrace Verbose: 0 : 37468, 1, 2023/01/12, 20:04:15.876, 5236991712872, vstest.console.dll, TestPluginCache.DiscoverTestExtensions: finding test extensions in assemblies ends with: RuntimeProvider.dll TPluginInfo: Microsoft.VisualStudio.TestPlatform.Common.ExtensionFramework.Utilities.TestRuntimePluginInformation TExtension: Microsoft.VisualStudio.TestPlatform.ObjectModel.Host.ITestRuntimeProvider
TpTrace Verbose: 0 : 37468, 1, 2023/01/12, 20:04:15.877, 5236991715246, vstest.console.dll, TestPluginCache.GetExtensionPaths: Filtered extension paths: 
TpTrace Verbose: 0 : 37468, 1, 2023/01/12, 20:04:15.877, 5236991715674, vstest.console.dll, TestPluginCache.GetExtensionPaths: Added default extension paths: C:\Program Files\dotnet\sdk\6.0.402\Extensions\Microsoft.Diagnostics.NETCore.Client.dll
C:\Program Files\dotnet\sdk\6.0.402\Extensions\Microsoft.TestPlatform.Extensions.BlameDataCollector.dll
C:\Program Files\dotnet\sdk\6.0.402\Extensions\Microsoft.TestPlatform.Extensions.EventLogCollector.dll
C:\Program Files\dotnet\sdk\6.0.402\Extensions\Microsoft.TestPlatform.TestHostRuntimeProvider.dll
C:\Program Files\dotnet\sdk\6.0.402\Extensions\Microsoft.VisualStudio.TestPlatform.Extensions.Html.TestLogger.dll
C:\Program Files\dotnet\sdk\6.0.402\Extensions\Microsoft.VisualStudio.TestPlatform.Extensions.Trx.TestLogger.dll
TpTrace Verbose: 0 : 37468, 1, 2023/01/12, 20:04:15.877, 5236991715828, vstest.console.dll, TestPluginCache.GetExtensionPaths: Added unfilterableExtensionPaths: 
TpTrace Information: 0 : 37468, 1, 2023/01/12, 20:04:15.877, 5236991718943, vstest.console.dll, AssemblyResolver.ctor: Creating AssemblyResolver with searchDirectories C:\Program Files\dotnet\sdk\6.0.402\Extensions,C:\Program Files\dotnet\sdk\6.0.402
TpTrace Verbose: 0 : 37468, 1, 2023/01/12, 20:04:15.877, 5236991722402, vstest.console.dll, TestPluginCache.DiscoverTestExtensions: Discovering the extensions using extension path.
TpTrace Verbose: 0 : 37468, 1, 2023/01/12, 20:04:15.877, 5236991722955, vstest.console.dll, TestPluginCache.GetExtensionPaths: Filtered extension paths: 
TpTrace Verbose: 0 : 37468, 1, 2023/01/12, 20:04:15.877, 5236991723090, vstest.console.dll, TestPluginCache.GetExtensionPaths: Added default extension paths: C:\Program Files\dotnet\sdk\6.0.402\Extensions\Microsoft.Diagnostics.NETCore.Client.dll
C:\Program Files\dotnet\sdk\6.0.402\Extensions\Microsoft.TestPlatform.Extensions.BlameDataCollector.dll
C:\Program Files\dotnet\sdk\6.0.402\Extensions\Microsoft.TestPlatform.Extensions.EventLogCollector.dll
C:\Program Files\dotnet\sdk\6.0.402\Extensions\Microsoft.TestPlatform.TestHostRuntimeProvider.dll
C:\Program Files\dotnet\sdk\6.0.402\Extensions\Microsoft.VisualStudio.TestPlatform.Extensions.Html.TestLogger.dll
C:\Program Files\dotnet\sdk\6.0.402\Extensions\Microsoft.VisualStudio.TestPlatform.Extensions.Trx.TestLogger.dll
TpTrace Verbose: 0 : 37468, 1, 2023/01/12, 20:04:15.877, 5236991723221, vstest.console.dll, TestPluginCache.GetExtensionPaths: Added unfilterableExtensionPaths: 
TpTrace Verbose: 0 : 37468, 1, 2023/01/12, 20:04:15.877, 5236991723443, vstest.console.dll, TestPluginCache.DiscoverTestExtensions: Discovering the extensions using allExtensionPaths: C:\Program Files\dotnet\sdk\6.0.402\Extensions\Microsoft.Diagnostics.NETCore.Client.dll
C:\Program Files\dotnet\sdk\6.0.402\Extensions\Microsoft.TestPlatform.Extensions.BlameDataCollector.dll
C:\Program Files\dotnet\sdk\6.0.402\Extensions\Microsoft.TestPlatform.Extensions.EventLogCollector.dll
C:\Program Files\dotnet\sdk\6.0.402\Extensions\Microsoft.TestPlatform.TestHostRuntimeProvider.dll
C:\Program Files\dotnet\sdk\6.0.402\Extensions\Microsoft.VisualStudio.TestPlatform.Extensions.Html.TestLogger.dll
C:\Program Files\dotnet\sdk\6.0.402\Extensions\Microsoft.VisualStudio.TestPlatform.Extensions.Trx.TestLogger.dll
TpTrace Information: 0 : 37468, 1, 2023/01/12, 20:04:15.877, 5236991724183, vstest.console.dll, AssemblyResolver.AddSearchDirectories: Adding more searchDirectories C:\Program Files\dotnet\sdk\6.0.402\Extensions,C:\Program Files\dotnet\sdk\6.0.402
TpTrace Information: 0 : 37468, 1, 2023/01/12, 20:04:15.878, 5236991724409, vstest.console.dll, AssemblyResolver.AddSearchDirectories: Adding more searchDirectories C:\Program Files\dotnet\sdk\6.0.402\Extensions,C:\Program Files\dotnet\sdk\6.0.402
TpTrace Information: 0 : 37468, 1, 2023/01/12, 20:04:15.878, 5236991724565, vstest.console.dll, AssemblyResolver.AddSearchDirectories: Adding more searchDirectories C:\Program Files\dotnet\sdk\6.0.402\Extensions,C:\Program Files\dotnet\sdk\6.0.402
TpTrace Information: 0 : 37468, 1, 2023/01/12, 20:04:15.878, 5236991724666, vstest.console.dll, AssemblyResolver.AddSearchDirectories: Adding more searchDirectories C:\Program Files\dotnet\sdk\6.0.402\Extensions,C:\Program Files\dotnet\sdk\6.0.402
TpTrace Information: 0 : 37468, 1, 2023/01/12, 20:04:15.878, 5236991724759, vstest.console.dll, AssemblyResolver.AddSearchDirectories: Adding more searchDirectories C:\Program Files\dotnet\sdk\6.0.402\Extensions,C:\Program Files\dotnet\sdk\6.0.402
TpTrace Information: 0 : 37468, 1, 2023/01/12, 20:04:15.878, 5236991724923, vstest.console.dll, AssemblyResolver.AddSearchDirectories: Adding more searchDirectories C:\Program Files\dotnet\sdk\6.0.402\Extensions,C:\Program Files\dotnet\sdk\6.0.402
TpTrace Information: 0 : 37468, 1, 2023/01/12, 20:04:15.878, 5236991726413, vstest.console.dll, AssemblyResolver.OnResolve: Microsoft.Diagnostics.NETCore.Client: Resolving assembly.
TpTrace Information: 0 : 37468, 1, 2023/01/12, 20:04:15.878, 5236991726732, vstest.console.dll, AssemblyResolver.OnResolve: Microsoft.Diagnostics.NETCore.Client: Searching in: 'C:\Program Files\dotnet\sdk\6.0.402\Extensions'.
TpTrace Information: 0 : 37468, 1, 2023/01/12, 20:04:15.878, 5236991729201, vstest.console.dll, AssemblyResolver.OnResolve: Microsoft.Diagnostics.NETCore.Client: Loading assembly 'C:\Program Files\dotnet\sdk\6.0.402\Extensions\Microsoft.Diagnostics.NETCore.Client.dll'.
TpTrace Information: 0 : 37468, 1, 2023/01/12, 20:04:15.878, 5236991731916, vstest.console.dll, AssemblyResolver.OnResolve: Resolved assembly: Microsoft.Diagnostics.NETCore.Client, from path: C:\Program Files\dotnet\sdk\6.0.402\Extensions\Microsoft.Diagnostics.NETCore.Client.dll
TpTrace Verbose: 0 : 37468, 1, 2023/01/12, 20:04:15.880, 5236991752025, vstest.console.dll, MetadataReaderExtensionsHelper: Discovering extensions inside assembly 'Microsoft.Diagnostics.NETCore.Client, Version=0.2.5.801, Culture=neutral, PublicKeyToken=31bf3856ad364e35' file path 'C:\Program Files\dotnet\sdk\6.0.402\Extensions\Microsoft.Diagnostics.NETCore.Client.dll'
TpTrace Information: 0 : 37468, 1, 2023/01/12, 20:04:15.885, 5236991799337, vstest.console.dll, AssemblyResolver.OnResolve: Microsoft.Bcl.AsyncInterfaces: Resolving assembly.
TpTrace Information: 0 : 37468, 1, 2023/01/12, 20:04:15.885, 5236991800309, vstest.console.dll, AssemblyResolver.OnResolve: Microsoft.Bcl.AsyncInterfaces: Searching in: 'C:\Program Files\dotnet\sdk\6.0.402\Extensions'.
TpTrace Information: 0 : 37468, 1, 2023/01/12, 20:04:15.885, 5236991800744, vstest.console.dll, AssemblyResolver.OnResolve: Microsoft.Bcl.AsyncInterfaces: Assembly path does not exist: 'C:\Program Files\dotnet\sdk\6.0.402\Extensions\Microsoft.Bcl.AsyncInterfaces.dll', returning.
TpTrace Information: 0 : 37468, 1, 2023/01/12, 20:04:15.885, 5236991801006, vstest.console.dll, AssemblyResolver.OnResolve: Microsoft.Bcl.AsyncInterfaces: Assembly path does not exist: 'C:\Program Files\dotnet\sdk\6.0.402\Extensions\Microsoft.Bcl.AsyncInterfaces.exe', returning.
TpTrace Information: 0 : 37468, 1, 2023/01/12, 20:04:15.885, 5236991801275, vstest.console.dll, AssemblyResolver.OnResolve: Microsoft.Bcl.AsyncInterfaces: Searching in: 'C:\Program Files\dotnet\sdk\6.0.402'.
TpTrace Information: 0 : 37468, 1, 2023/01/12, 20:04:15.885, 5236991801574, vstest.console.dll, AssemblyResolver.OnResolve: Microsoft.Bcl.AsyncInterfaces: Assembly path does not exist: 'C:\Program Files\dotnet\sdk\6.0.402\Microsoft.Bcl.AsyncInterfaces.dll', returning.
TpTrace Information: 0 : 37468, 1, 2023/01/12, 20:04:15.885, 5236991801836, vstest.console.dll, AssemblyResolver.OnResolve: Microsoft.Bcl.AsyncInterfaces: Assembly path does not exist: 'C:\Program Files\dotnet\sdk\6.0.402\Microsoft.Bcl.AsyncInterfaces.exe', returning.
TpTrace Information: 0 : 37468, 1, 2023/01/12, 20:04:15.885, 5236991801929, vstest.console.dll, AssemblyResolver.OnResolve: Microsoft.Bcl.AsyncInterfaces: Failed to load assembly.
TpTrace Verbose: 0 : 37468, 1, 2023/01/12, 20:04:15.885, 5236991802068, vstest.console.dll, CurrentDomainAssemblyResolve: Resolving assembly 'Microsoft.Bcl.AsyncInterfaces'.
TpTrace Information: 0 : 37468, 1, 2023/01/12, 20:04:15.885, 5236991802293, vstest.console.dll, AssemblyResolver.OnResolve: Microsoft.Bcl.AsyncInterfaces: Resolving assembly.
TpTrace Information: 0 : 37468, 1, 2023/01/12, 20:04:15.885, 5236991802447, vstest.console.dll, AssemblyResolver.OnResolve: Microsoft.Bcl.AsyncInterfaces: Resolved from cache.
TpTrace Verbose: 0 : 37468, 1, 2023/01/12, 20:04:15.885, 5236991802551, vstest.console.dll, CurrentDomainAssemblyResolve: Resolving assembly 'Microsoft.Bcl.AsyncInterfaces'.
TpTrace Verbose: 0 : 37468, 1, 2023/01/12, 20:04:15.885, 5236991802678, vstest.console.dll, CurrentDomainAssemblyResolve: Failed to resolve assembly 'Microsoft.Bcl.AsyncInterfaces'.
TpTrace Verbose: 0 : 37468, 1, 2023/01/12, 20:04:15.886, 5236991804661, vstest.console.dll, CurrentDomainAssemblyResolve: Failed to resolve assembly 'Microsoft.Bcl.AsyncInterfaces'.
TpTrace Warning: 0 : 37468, 1, 2023/01/12, 20:04:15.891, 5236991855190, vstest.console.dll, TestPluginDiscoverer: Failed to get types from assembly 'Microsoft.Diagnostics.NETCore.Client, Version=0.2.5.801, Culture=neutral, PublicKeyToken=31bf3856ad364e35'. Error: System.Reflection.ReflectionTypeLoadException: Unable to load one or more of the requested types.
Could not load file or assembly 'Microsoft.Bcl.AsyncInterfaces, Version=1.0.0.0, Culture=neutral, PublicKeyToken=cc7b13ffcd2ddd51'. Den angivne fil blev ikke fundet.
   at System.Reflection.RuntimeModule.GetTypes(RuntimeModule module)
   at System.Reflection.Assembly.GetTypes()
   at Microsoft.VisualStudio.TestPlatform.Common.ExtensionFramework.TestPluginDiscoverer.GetTestExtensionsFromAssembly[TPluginInfo,TExtension](Assembly assembly, Dictionary`2 pluginInfos, String filePath)
System.IO.FileNotFoundException: Could not load file or assembly 'Microsoft.Bcl.AsyncInterfaces, Version=1.0.0.0, Culture=neutral, PublicKeyToken=cc7b13ffcd2ddd51'. Den angivne fil blev ikke fundet.
File name: 'Microsoft.Bcl.AsyncInterfaces, Version=1.0.0.0, Culture=neutral, PublicKeyToken=cc7b13ffcd2ddd51'
 ---> System.IO.FileNotFoundException: Could not load file or assembly 'Microsoft.Bcl.AsyncInterfaces, Culture=neutral, PublicKeyToken=null'. Den angivne fil blev ikke fundet.
File name: 'Microsoft.Bcl.AsyncInterfaces, Culture=neutral, PublicKeyToken=null'
   at System.Reflection.RuntimeAssembly.InternalLoad(ObjectHandleOnStack assemblyName, ObjectHandleOnStack requestingAssembly, StackCrawlMarkHandle stackMark, Boolean throwOnFileNotFound, ObjectHandleOnStack assemblyLoadContext, ObjectHandleOnStack retAssembly)
   at System.Reflection.RuntimeAssembly.InternalLoad(AssemblyName assemblyName, RuntimeAssembly requestingAssembly, StackCrawlMark& stackMark, Boolean throwOnFileNotFound, AssemblyLoadContext assemblyLoadContext)
   at System.Reflection.Assembly.Load(AssemblyName assemblyRef)
   at Microsoft.VisualStudio.TestPlatform.Common.ExtensionFramework.TestPluginCache.CurrentDomainAssemblyResolve(Object sender, AssemblyResolveEventArgs args)
   at Microsoft.VisualStudio.TestPlatform.PlatformAbstractions.PlatformAssemblyResolver.AssemblyResolverEvent(Object sender, Object eventArgs)
   at System.Runtime.Loader.AssemblyLoadContext.GetFirstResolvedAssemblyFromResolvingEvent(AssemblyName assemblyName)
   at System.Runtime.Loader.AssemblyLoadContext.ResolveUsingEvent(AssemblyName assemblyName)
   at System.Runtime.Loader.AssemblyLoadContext.ResolveUsingResolvingEvent(IntPtr gchManagedAssemblyLoadContext, AssemblyName assemblyName)
TpTrace Warning: 0 : 37468, 1, 2023/01/12, 20:04:15.891, 5236991857220, vstest.console.dll, LoaderExceptions: System.IO.FileNotFoundException: Could not load file or assembly 'Microsoft.Bcl.AsyncInterfaces, Version=1.0.0.0, Culture=neutral, PublicKeyToken=cc7b13ffcd2ddd51'. Den angivne fil blev ikke fundet.
File name: 'Microsoft.Bcl.AsyncInterfaces, Version=1.0.0.0, Culture=neutral, PublicKeyToken=cc7b13ffcd2ddd51'
 ---> System.IO.FileNotFoundException: Could not load file or assembly 'Microsoft.Bcl.AsyncInterfaces, Culture=neutral, PublicKeyToken=null'. Den angivne fil blev ikke fundet.
File name: 'Microsoft.Bcl.AsyncInterfaces, Culture=neutral, PublicKeyToken=null'
   at System.Reflection.RuntimeAssembly.InternalLoad(ObjectHandleOnStack assemblyName, ObjectHandleOnStack requestingAssembly, StackCrawlMarkHandle stackMark, Boolean throwOnFileNotFound, ObjectHandleOnStack assemblyLoadContext, ObjectHandleOnStack retAssembly)
   at System.Reflection.RuntimeAssembly.InternalLoad(AssemblyName assemblyName, RuntimeAssembly requestingAssembly, StackCrawlMark& stackMark, Boolean throwOnFileNotFound, AssemblyLoadContext assemblyLoadContext)
   at System.Reflection.Assembly.Load(AssemblyName assemblyRef)
   at Microsoft.VisualStudio.TestPlatform.Common.ExtensionFramework.TestPluginCache.CurrentDomainAssemblyResolve(Object sender, AssemblyResolveEventArgs args)
   at Microsoft.VisualStudio.TestPlatform.PlatformAbstractions.PlatformAssemblyResolver.AssemblyResolverEvent(Object sender, Object eventArgs)
   at System.Runtime.Loader.AssemblyLoadContext.GetFirstResolvedAssemblyFromResolvingEvent(AssemblyName assemblyName)
   at System.Runtime.Loader.AssemblyLoadContext.ResolveUsingEvent(AssemblyName assemblyName)
   at System.Runtime.Loader.AssemblyLoadContext.ResolveUsingResolvingEvent(IntPtr gchManagedAssemblyLoadContext, AssemblyName assemblyName)
TpTrace Information: 0 : 37468, 1, 2023/01/12, 20:04:15.891, 5236991857946, vstest.console.dll, AssemblyResolver.OnResolve: Microsoft.TestPlatform.Extensions.BlameDataCollector: Resolving assembly.
TpTrace Information: 0 : 37468, 1, 2023/01/12, 20:04:15.891, 5236991858118, vstest.console.dll, AssemblyResolver.OnResolve: Microsoft.TestPlatform.Extensions.BlameDataCollector: Searching in: 'C:\Program Files\dotnet\sdk\6.0.402\Extensions'.
TpTrace Information: 0 : 37468, 1, 2023/01/12, 20:04:15.891, 5236991860030, vstest.console.dll, AssemblyResolver.OnResolve: Microsoft.TestPlatform.Extensions.BlameDataCollector: Loading assembly 'C:\Program Files\dotnet\sdk\6.0.402\Extensions\Microsoft.TestPlatform.Extensions.BlameDataCollector.dll'.
TpTrace Information: 0 : 37468, 1, 2023/01/12, 20:04:15.891, 5236991862491, vstest.console.dll, AssemblyResolver.OnResolve: Resolved assembly: Microsoft.TestPlatform.Extensions.BlameDataCollector, from path: C:\Program Files\dotnet\sdk\6.0.402\Extensions\Microsoft.TestPlatform.Extensions.BlameDataCollector.dll
TpTrace Verbose: 0 : 37468, 1, 2023/01/12, 20:04:15.891, 5236991862846, vstest.console.dll, MetadataReaderExtensionsHelper: Discovering extensions inside assembly 'Microsoft.TestPlatform.Extensions.BlameDataCollector, Version=15.0.0.0, Culture=neutral, PublicKeyToken=b03f5f7f11d50a3a' file path 'C:\Program Files\dotnet\sdk\6.0.402\Extensions\Microsoft.TestPlatform.Extensions.BlameDataCollector.dll'
TpTrace Information: 0 : 37468, 1, 2023/01/12, 20:04:15.892, 5236991869183, vstest.console.dll, AssemblyResolver.OnResolve: Microsoft.TestPlatform.Extensions.EventLogCollector: Resolving assembly.
TpTrace Information: 0 : 37468, 1, 2023/01/12, 20:04:15.892, 5236991869466, vstest.console.dll, AssemblyResolver.OnResolve: Microsoft.TestPlatform.Extensions.EventLogCollector: Searching in: 'C:\Program Files\dotnet\sdk\6.0.402\Extensions'.
TpTrace Information: 0 : 37468, 1, 2023/01/12, 20:04:15.892, 5236991871336, vstest.console.dll, AssemblyResolver.OnResolve: Microsoft.TestPlatform.Extensions.EventLogCollector: Loading assembly 'C:\Program Files\dotnet\sdk\6.0.402\Extensions\Microsoft.TestPlatform.Extensions.EventLogCollector.dll'.
TpTrace Information: 0 : 37468, 1, 2023/01/12, 20:04:15.892, 5236991873516, vstest.console.dll, AssemblyResolver.OnResolve: Resolved assembly: Microsoft.TestPlatform.Extensions.EventLogCollector, from path: C:\Program Files\dotnet\sdk\6.0.402\Extensions\Microsoft.TestPlatform.Extensions.EventLogCollector.dll
TpTrace Verbose: 0 : 37468, 1, 2023/01/12, 20:04:15.892, 5236991873876, vstest.console.dll, MetadataReaderExtensionsHelper: Discovering extensions inside assembly 'Microsoft.TestPlatform.Extensions.EventLogCollector, Version=15.0.0.0, Culture=neutral, PublicKeyToken=b03f5f7f11d50a3a' file path 'C:\Program Files\dotnet\sdk\6.0.402\Extensions\Microsoft.TestPlatform.Extensions.EventLogCollector.dll'
TpTrace Information: 0 : 37468, 1, 2023/01/12, 20:04:15.893, 5236991883407, vstest.console.dll, AssemblyResolver.OnResolve: Microsoft.TestPlatform.TestHostRuntimeProvider: Resolving assembly.
TpTrace Information: 0 : 37468, 1, 2023/01/12, 20:04:15.893, 5236991883701, vstest.console.dll, AssemblyResolver.OnResolve: Microsoft.TestPlatform.TestHostRuntimeProvider: Searching in: 'C:\Program Files\dotnet\sdk\6.0.402\Extensions'.
TpTrace Information: 0 : 37468, 1, 2023/01/12, 20:04:15.894, 5236991885691, vstest.console.dll, AssemblyResolver.OnResolve: Microsoft.TestPlatform.TestHostRuntimeProvider: Loading assembly 'C:\Program Files\dotnet\sdk\6.0.402\Extensions\Microsoft.TestPlatform.TestHostRuntimeProvider.dll'.
TpTrace Information: 0 : 37468, 1, 2023/01/12, 20:04:15.894, 5236991887937, vstest.console.dll, AssemblyResolver.OnResolve: Resolved assembly: Microsoft.TestPlatform.TestHostRuntimeProvider, from path: C:\Program Files\dotnet\sdk\6.0.402\Extensions\Microsoft.TestPlatform.TestHostRuntimeProvider.dll
TpTrace Verbose: 0 : 37468, 1, 2023/01/12, 20:04:15.894, 5236991888276, vstest.console.dll, MetadataReaderExtensionsHelper: Discovering extensions inside assembly 'Microsoft.TestPlatform.TestHostRuntimeProvider, Version=15.0.0.0, Culture=neutral, PublicKeyToken=b03f5f7f11d50a3a' file path 'C:\Program Files\dotnet\sdk\6.0.402\Extensions\Microsoft.TestPlatform.TestHostRuntimeProvider.dll'
TpTrace Information: 0 : 37468, 1, 2023/01/12, 20:04:15.895, 5236991896722, vstest.console.dll, GetTestExtensionFromType: Register extension with identifier data 'HostProvider://DefaultTestHost' and type 'Microsoft.VisualStudio.TestPlatform.CrossPlatEngine.Hosting.DefaultTestHostManager, Microsoft.TestPlatform.TestHostRuntimeProvider, Version=15.0.0.0, Culture=neutral, PublicKeyToken=b03f5f7f11d50a3a' inside file 'C:\Program Files\dotnet\sdk\6.0.402\Extensions\Microsoft.TestPlatform.TestHostRuntimeProvider.dll'
TpTrace Information: 0 : 37468, 1, 2023/01/12, 20:04:15.895, 5236991897138, vstest.console.dll, GetTestExtensionFromType: Register extension with identifier data 'HostProvider://DotnetTestHost' and type 'Microsoft.VisualStudio.TestPlatform.CrossPlatEngine.Hosting.DotnetTestHostManager, Microsoft.TestPlatform.TestHostRuntimeProvider, Version=15.0.0.0, Culture=neutral, PublicKeyToken=b03f5f7f11d50a3a' inside file 'C:\Program Files\dotnet\sdk\6.0.402\Extensions\Microsoft.TestPlatform.TestHostRuntimeProvider.dll'
TpTrace Information: 0 : 37468, 1, 2023/01/12, 20:04:15.895, 5236991897428, vstest.console.dll, AssemblyResolver.OnResolve: Microsoft.VisualStudio.TestPlatform.Extensions.Html.TestLogger: Resolving assembly.
TpTrace Information: 0 : 37468, 1, 2023/01/12, 20:04:15.895, 5236991897554, vstest.console.dll, AssemblyResolver.OnResolve: Microsoft.VisualStudio.TestPlatform.Extensions.Html.TestLogger: Searching in: 'C:\Program Files\dotnet\sdk\6.0.402\Extensions'.
TpTrace Information: 0 : 37468, 1, 2023/01/12, 20:04:15.895, 5236991899549, vstest.console.dll, AssemblyResolver.OnResolve: Microsoft.VisualStudio.TestPlatform.Extensions.Html.TestLogger: Loading assembly 'C:\Program Files\dotnet\sdk\6.0.402\Extensions\Microsoft.VisualStudio.TestPlatform.Extensions.Html.TestLogger.dll'.
TpTrace Information: 0 : 37468, 1, 2023/01/12, 20:04:15.895, 5236991901821, vstest.console.dll, AssemblyResolver.OnResolve: Resolved assembly: Microsoft.VisualStudio.TestPlatform.Extensions.Html.TestLogger, from path: C:\Program Files\dotnet\sdk\6.0.402\Extensions\Microsoft.VisualStudio.TestPlatform.Extensions.Html.TestLogger.dll
TpTrace Verbose: 0 : 37468, 1, 2023/01/12, 20:04:15.895, 5236991902143, vstest.console.dll, MetadataReaderExtensionsHelper: Discovering extensions inside assembly 'Microsoft.VisualStudio.TestPlatform.Extensions.Html.TestLogger, Version=15.0.0.0, Culture=neutral, PublicKeyToken=b03f5f7f11d50a3a' file path 'C:\Program Files\dotnet\sdk\6.0.402\Extensions\Microsoft.VisualStudio.TestPlatform.Extensions.Html.TestLogger.dll'
TpTrace Information: 0 : 37468, 1, 2023/01/12, 20:04:15.896, 5236991905284, vstest.console.dll, AssemblyResolver.OnResolve: Microsoft.VisualStudio.TestPlatform.Extensions.Trx.TestLogger: Resolving assembly.
TpTrace Information: 0 : 37468, 1, 2023/01/12, 20:04:15.896, 5236991905561, vstest.console.dll, AssemblyResolver.OnResolve: Microsoft.VisualStudio.TestPlatform.Extensions.Trx.TestLogger: Searching in: 'C:\Program Files\dotnet\sdk\6.0.402\Extensions'.
TpTrace Information: 0 : 37468, 1, 2023/01/12, 20:04:15.896, 5236991907513, vstest.console.dll, AssemblyResolver.OnResolve: Microsoft.VisualStudio.TestPlatform.Extensions.Trx.TestLogger: Loading assembly 'C:\Program Files\dotnet\sdk\6.0.402\Extensions\Microsoft.VisualStudio.TestPlatform.Extensions.Trx.TestLogger.dll'.
TpTrace Information: 0 : 37468, 1, 2023/01/12, 20:04:15.896, 5236991909909, vstest.console.dll, AssemblyResolver.OnResolve: Resolved assembly: Microsoft.VisualStudio.TestPlatform.Extensions.Trx.TestLogger, from path: C:\Program Files\dotnet\sdk\6.0.402\Extensions\Microsoft.VisualStudio.TestPlatform.Extensions.Trx.TestLogger.dll
TpTrace Verbose: 0 : 37468, 1, 2023/01/12, 20:04:15.896, 5236991910232, vstest.console.dll, MetadataReaderExtensionsHelper: Discovering extensions inside assembly 'Microsoft.VisualStudio.TestPlatform.Extensions.Trx.TestLogger, Version=15.0.0.0, Culture=neutral, PublicKeyToken=b03f5f7f11d50a3a' file path 'C:\Program Files\dotnet\sdk\6.0.402\Extensions\Microsoft.VisualStudio.TestPlatform.Extensions.Trx.TestLogger.dll'
TpTrace Verbose: 0 : 37468, 1, 2023/01/12, 20:04:15.897, 5236991915212, vstest.console.dll, TestPluginCache: Discovered the extensions using extension path ''.
TpTrace Verbose: 0 : 37468, 1, 2023/01/12, 20:04:15.897, 5236991915515, vstest.console.dll, TestPluginCache: Discoverers are ''.
TpTrace Verbose: 0 : 37468, 1, 2023/01/12, 20:04:15.897, 5236991915624, vstest.console.dll, TestPluginCache: Executors are ''.
TpTrace Verbose: 0 : 37468, 1, 2023/01/12, 20:04:15.897, 5236991915744, vstest.console.dll, TestPluginCache: Executors2 are ''.
TpTrace Verbose: 0 : 37468, 1, 2023/01/12, 20:04:15.897, 5236991915831, vstest.console.dll, TestPluginCache: Setting providers are ''.
TpTrace Verbose: 0 : 37468, 1, 2023/01/12, 20:04:15.897, 5236991915914, vstest.console.dll, TestPluginCache: Loggers are ''.
TpTrace Verbose: 0 : 37468, 1, 2023/01/12, 20:04:15.897, 5236991916606, vstest.console.dll, TestPluginCache: TestHosts are 'HostProvider://DefaultTestHost,HostProvider://DotnetTestHost'.
TpTrace Verbose: 0 : 37468, 1, 2023/01/12, 20:04:15.897, 5236991916756, vstest.console.dll, TestPluginCache: DataCollectors are ''.
TpTrace Information: 0 : 37468, 1, 2023/01/12, 20:04:15.902, 5236991968593, vstest.console.dll, RunTestsArgumentProcessor:Execute: Test run is starting.
TpTrace Verbose: 0 : 37468, 1, 2023/01/12, 20:04:15.902, 5236991968873, vstest.console.dll, RunTestsArgumentProcessor:Execute: Queuing Test run.
TpTrace Information: 0 : 37468, 1, 2023/01/12, 20:04:15.902, 5236991970070, vstest.console.dll, TestRequestManager.RunTests: run tests started.
TpTrace Information: 0 : 37468, 1, 2023/01/12, 20:04:15.903, 5236991975960, vstest.console.dll, AssemblyMetadataProvider.GetFrameworkName: Determined framework:'.NETCoreApp,Version=v6.0' for source: 'C:\Users\jepp5\Documents\GitHub\SWT_Examen\swt_examen\Tests\bin\Debug\net6.0\fine-code-coverage\build-output\Tests.dll'
TpTrace Information: 0 : 37468, 1, 2023/01/12, 20:04:15.903, 5236991976528, vstest.console.dll, Determined framework for all sources: .NETCoreApp,Version=v6.0
TpTrace Verbose: 0 : 37468, 1, 2023/01/12, 20:04:15.903, 5236991978964, vstest.console.dll, TestRequestManager.UpdateRunSettingsIfRequired: Default architecture: X64 IsDefaultTargetArchitecture: True, Current process architecture: X64 OperatingSystem: Windows.
TpTrace Information: 0 : 37468, 1, 2023/01/12, 20:04:15.904, 5236991990902, vstest.console.dll, AssemblyMetadataProvider.GetArchitecture: Determined architecture:AnyCPU info for assembly: C:\Users\jepp5\Documents\GitHub\SWT_Examen\swt_examen\Tests\bin\Debug\net6.0\fine-code-coverage\build-output\Tests.dll
TpTrace Information: 0 : 37468, 1, 2023/01/12, 20:04:15.904, 5236991991173, vstest.console.dll, Determined platform for source 'C:\Users\jepp5\Documents\GitHub\SWT_Examen\swt_examen\Tests\bin\Debug\net6.0\fine-code-coverage\build-output\Tests.dll' was AnyCPU and it will use the default plaform X64.
TpTrace Information: 0 : 37468, 1, 2023/01/12, 20:04:15.904, 5236991991293, vstest.console.dll, None of the sources provided any runnable platform, using the default platform: X64
TpTrace Information: 0 : 37468, 1, 2023/01/12, 20:04:15.904, 5236991991674, vstest.console.dll, Platform was updated to 'X64'.
TpTrace Information: 0 : 37468, 1, 2023/01/12, 20:04:15.906, 5236992008759, vstest.console.dll, InferRunSettingsHelper.IsTestSettingsEnabled: Unable to navigate to RunSettings/MSTest. Current node: RunSettings
TpTrace Information: 0 : 37468, 1, 2023/01/12, 20:04:15.906, 5236992011616, vstest.console.dll, AssemblyResolver.OnResolve: Microsoft.VisualStudio.TestPlatform.Fakes: Resolving assembly.
TpTrace Information: 0 : 37468, 1, 2023/01/12, 20:04:15.906, 5236992011932, vstest.console.dll, AssemblyResolver.OnResolve: Microsoft.VisualStudio.TestPlatform.Fakes: Searching in: 'C:\Program Files\dotnet\sdk\6.0.402\Extensions'.
TpTrace Information: 0 : 37468, 1, 2023/01/12, 20:04:15.906, 5236992012370, vstest.console.dll, AssemblyResolver.OnResolve: Microsoft.VisualStudio.TestPlatform.Fakes: Assembly path does not exist: 'C:\Program Files\dotnet\sdk\6.0.402\Extensions\Microsoft.VisualStudio.TestPlatform.Fakes.dll', returning.
TpTrace Information: 0 : 37468, 1, 2023/01/12, 20:04:15.906, 5236992012650, vstest.console.dll, AssemblyResolver.OnResolve: Microsoft.VisualStudio.TestPlatform.Fakes: Assembly path does not exist: 'C:\Program Files\dotnet\sdk\6.0.402\Extensions\Microsoft.VisualStudio.TestPlatform.Fakes.exe', returning.
TpTrace Information: 0 : 37468, 1, 2023/01/12, 20:04:15.906, 5236992012751, vstest.console.dll, AssemblyResolver.OnResolve: Microsoft.VisualStudio.TestPlatform.Fakes: Searching in: 'C:\Program Files\dotnet\sdk\6.0.402'.
TpTrace Information: 0 : 37468, 1, 2023/01/12, 20:04:15.906, 5236992013039, vstest.console.dll, AssemblyResolver.OnResolve: Microsoft.VisualStudio.TestPlatform.Fakes: Assembly path does not exist: 'C:\Program Files\dotnet\sdk\6.0.402\Microsoft.VisualStudio.TestPlatform.Fakes.dll', returning.
TpTrace Information: 0 : 37468, 1, 2023/01/12, 20:04:15.906, 5236992013273, vstest.console.dll, AssemblyResolver.OnResolve: Microsoft.VisualStudio.TestPlatform.Fakes: Assembly path does not exist: 'C:\Program Files\dotnet\sdk\6.0.402\Microsoft.VisualStudio.TestPlatform.Fakes.exe', returning.
TpTrace Information: 0 : 37468, 1, 2023/01/12, 20:04:15.906, 5236992013372, vstest.console.dll, AssemblyResolver.OnResolve: Microsoft.VisualStudio.TestPlatform.Fakes: Failed to load assembly.
TpTrace Information: 0 : 37468, 1, 2023/01/12, 20:04:15.907, 5236992014559, vstest.console.dll, Failed to load assembly Microsoft.VisualStudio.TestPlatform.Fakes, Version=17.0.0.0, Culture=neutral. Reason:System.IO.FileNotFoundException: Could not load file or assembly 'Microsoft.VisualStudio.TestPlatform.Fakes, Version=17.0.0.0, Culture=neutral, PublicKeyToken=null'. Den angivne fil blev ikke fundet.
File name: 'Microsoft.VisualStudio.TestPlatform.Fakes, Version=17.0.0.0, Culture=neutral, PublicKeyToken=null'
   at System.Reflection.RuntimeAssembly.InternalLoad(ObjectHandleOnStack assemblyName, ObjectHandleOnStack requestingAssembly, StackCrawlMarkHandle stackMark, Boolean throwOnFileNotFound, ObjectHandleOnStack assemblyLoadContext, ObjectHandleOnStack retAssembly)
   at System.Reflection.RuntimeAssembly.InternalLoad(AssemblyName assemblyName, RuntimeAssembly requestingAssembly, StackCrawlMark& stackMark, Boolean throwOnFileNotFound, AssemblyLoadContext assemblyLoadContext)
   at System.Reflection.Assembly.Load(AssemblyName assemblyRef)
   at Microsoft.VisualStudio.TestPlatform.Common.Utilities.FakesUtilities.LoadTestPlatformAssembly()
TpTrace Verbose: 0 : 37468, 1, 2023/01/12, 20:04:15.908, 5236992031205, vstest.console.dll, TestPluginCache.DiscoverTestExtensions: finding test extensions in assemblies ends with: TestLogger.dll TPluginInfo: Microsoft.VisualStudio.TestPlatform.Common.ExtensionFramework.Utilities.TestLoggerPluginInformation TExtension: Microsoft.VisualStudio.TestPlatform.ObjectModel.Client.ITestLogger
TpTrace Verbose: 0 : 37468, 1, 2023/01/12, 20:04:15.908, 5236992031846, vstest.console.dll, TestPluginCache.GetExtensionPaths: Filtered extension paths: 
TpTrace Verbose: 0 : 37468, 1, 2023/01/12, 20:04:15.908, 5236992032062, vstest.console.dll, TestPluginCache.GetExtensionPaths: Added default extension paths: C:\Program Files\dotnet\sdk\6.0.402\Extensions\Microsoft.Diagnostics.NETCore.Client.dll
C:\Program Files\dotnet\sdk\6.0.402\Extensions\Microsoft.TestPlatform.Extensions.BlameDataCollector.dll
C:\Program Files\dotnet\sdk\6.0.402\Extensions\Microsoft.TestPlatform.Extensions.EventLogCollector.dll
C:\Program Files\dotnet\sdk\6.0.402\Extensions\Microsoft.TestPlatform.TestHostRuntimeProvider.dll
C:\Program Files\dotnet\sdk\6.0.402\Extensions\Microsoft.VisualStudio.TestPlatform.Extensions.Html.TestLogger.dll
C:\Program Files\dotnet\sdk\6.0.402\Extensions\Microsoft.VisualStudio.TestPlatform.Extensions.Trx.TestLogger.dll
TpTrace Verbose: 0 : 37468, 1, 2023/01/12, 20:04:15.908, 5236992032243, vstest.console.dll, TestPluginCache.GetExtensionPaths: Added unfilterableExtensionPaths: 
TpTrace Information: 0 : 37468, 1, 2023/01/12, 20:04:15.908, 5236992033214, vstest.console.dll, AssemblyResolver.AddSearchDirectories: Adding more searchDirectories C:\Program Files\dotnet\sdk\6.0.402\Extensions,C:\Program Files\dotnet\sdk\6.0.402
TpTrace Verbose: 0 : 37468, 1, 2023/01/12, 20:04:15.908, 5236992033489, vstest.console.dll, TestPluginCache.DiscoverTestExtensions: Discovering the extensions using extension path.
TpTrace Verbose: 0 : 37468, 1, 2023/01/12, 20:04:15.908, 5236992033719, vstest.console.dll, TestPluginCache.GetExtensionPaths: Filtered extension paths: 
TpTrace Verbose: 0 : 37468, 1, 2023/01/12, 20:04:15.908, 5236992033881, vstest.console.dll, TestPluginCache.GetExtensionPaths: Added default extension paths: C:\Program Files\dotnet\sdk\6.0.402\Extensions\Microsoft.Diagnostics.NETCore.Client.dll
C:\Program Files\dotnet\sdk\6.0.402\Extensions\Microsoft.TestPlatform.Extensions.BlameDataCollector.dll
C:\Program Files\dotnet\sdk\6.0.402\Extensions\Microsoft.TestPlatform.Extensions.EventLogCollector.dll
C:\Program Files\dotnet\sdk\6.0.402\Extensions\Microsoft.TestPlatform.TestHostRuntimeProvider.dll
C:\Program Files\dotnet\sdk\6.0.402\Extensions\Microsoft.VisualStudio.TestPlatform.Extensions.Html.TestLogger.dll
C:\Program Files\dotnet\sdk\6.0.402\Extensions\Microsoft.VisualStudio.TestPlatform.Extensions.Trx.TestLogger.dll
TpTrace Verbose: 0 : 37468, 1, 2023/01/12, 20:04:15.908, 5236992033980, vstest.console.dll, TestPluginCache.GetExtensionPaths: Added unfilterableExtensionPaths: 
TpTrace Verbose: 0 : 37468, 1, 2023/01/12, 20:04:15.909, 5236992034341, vstest.console.dll, TestPluginCache.DiscoverTestExtensions: Discovering the extensions using allExtensionPaths: C:\Program Files\dotnet\sdk\6.0.402\Extensions\Microsoft.Diagnostics.NETCore.Client.dll
C:\Program Files\dotnet\sdk\6.0.402\Extensions\Microsoft.TestPlatform.Extensions.BlameDataCollector.dll
C:\Program Files\dotnet\sdk\6.0.402\Extensions\Microsoft.TestPlatform.Extensions.EventLogCollector.dll
C:\Program Files\dotnet\sdk\6.0.402\Extensions\Microsoft.TestPlatform.TestHostRuntimeProvider.dll
C:\Program Files\dotnet\sdk\6.0.402\Extensions\Microsoft.VisualStudio.TestPlatform.Extensions.Html.TestLogger.dll
C:\Program Files\dotnet\sdk\6.0.402\Extensions\Microsoft.VisualStudio.TestPlatform.Extensions.Trx.TestLogger.dll
TpTrace Information: 0 : 37468, 1, 2023/01/12, 20:04:15.909, 5236992034523, vstest.console.dll, AssemblyResolver.AddSearchDirectories: Adding more searchDirectories C:\Program Files\dotnet\sdk\6.0.402\Extensions,C:\Program Files\dotnet\sdk\6.0.402
TpTrace Information: 0 : 37468, 1, 2023/01/12, 20:04:15.909, 5236992034667, vstest.console.dll, AssemblyResolver.AddSearchDirectories: Adding more searchDirectories C:\Program Files\dotnet\sdk\6.0.402\Extensions,C:\Program Files\dotnet\sdk\6.0.402
TpTrace Information: 0 : 37468, 1, 2023/01/12, 20:04:15.909, 5236992034765, vstest.console.dll, AssemblyResolver.AddSearchDirectories: Adding more searchDirectories C:\Program Files\dotnet\sdk\6.0.402\Extensions,C:\Program Files\dotnet\sdk\6.0.402
TpTrace Information: 0 : 37468, 1, 2023/01/12, 20:04:15.909, 5236992034954, vstest.console.dll, AssemblyResolver.AddSearchDirectories: Adding more searchDirectories C:\Program Files\dotnet\sdk\6.0.402\Extensions,C:\Program Files\dotnet\sdk\6.0.402
TpTrace Information: 0 : 37468, 1, 2023/01/12, 20:04:15.909, 5236992035112, vstest.console.dll, AssemblyResolver.AddSearchDirectories: Adding more searchDirectories C:\Program Files\dotnet\sdk\6.0.402\Extensions,C:\Program Files\dotnet\sdk\6.0.402
TpTrace Information: 0 : 37468, 1, 2023/01/12, 20:04:15.909, 5236992035207, vstest.console.dll, AssemblyResolver.AddSearchDirectories: Adding more searchDirectories C:\Program Files\dotnet\sdk\6.0.402\Extensions,C:\Program Files\dotnet\sdk\6.0.402
TpTrace Verbose: 0 : 37468, 1, 2023/01/12, 20:04:15.909, 5236992035752, vstest.console.dll, MetadataReaderExtensionsHelper: Discovering extensions inside assembly 'Microsoft.Diagnostics.NETCore.Client, Version=0.2.5.801, Culture=neutral, PublicKeyToken=31bf3856ad364e35' file path 'C:\Program Files\dotnet\sdk\6.0.402\Extensions\Microsoft.Diagnostics.NETCore.Client.dll'
TpTrace Information: 0 : 37468, 1, 2023/01/12, 20:04:15.909, 5236992038590, vstest.console.dll, AssemblyResolver.OnResolve: Microsoft.Bcl.AsyncInterfaces: Resolving assembly.
TpTrace Information: 0 : 37468, 1, 2023/01/12, 20:04:15.909, 5236992038847, vstest.console.dll, AssemblyResolver.OnResolve: Microsoft.Bcl.AsyncInterfaces: Resolved from cache.
TpTrace Verbose: 0 : 37468, 1, 2023/01/12, 20:04:15.909, 5236992038975, vstest.console.dll, CurrentDomainAssemblyResolve: Resolving assembly 'Microsoft.Bcl.AsyncInterfaces'.
TpTrace Information: 0 : 37468, 1, 2023/01/12, 20:04:15.909, 5236992039169, vstest.console.dll, AssemblyResolver.OnResolve: Microsoft.Bcl.AsyncInterfaces: Resolving assembly.
TpTrace Information: 0 : 37468, 1, 2023/01/12, 20:04:15.909, 5236992039269, vstest.console.dll, AssemblyResolver.OnResolve: Microsoft.Bcl.AsyncInterfaces: Resolved from cache.
TpTrace Verbose: 0 : 37468, 1, 2023/01/12, 20:04:15.909, 5236992039367, vstest.console.dll, CurrentDomainAssemblyResolve: Resolving assembly 'Microsoft.Bcl.AsyncInterfaces'.
TpTrace Verbose: 0 : 37468, 1, 2023/01/12, 20:04:15.909, 5236992039453, vstest.console.dll, CurrentDomainAssemblyResolve: Failed to resolve assembly 'Microsoft.Bcl.AsyncInterfaces'.
TpTrace Verbose: 0 : 37468, 1, 2023/01/12, 20:04:15.909, 5236992040099, vstest.console.dll, CurrentDomainAssemblyResolve: Failed to resolve assembly 'Microsoft.Bcl.AsyncInterfaces'.
TpTrace Warning: 0 : 37468, 1, 2023/01/12, 20:04:15.909, 5236992041962, vstest.console.dll, TestPluginDiscoverer: Failed to get types from assembly 'Microsoft.Diagnostics.NETCore.Client, Version=0.2.5.801, Culture=neutral, PublicKeyToken=31bf3856ad364e35'. Error: System.Reflection.ReflectionTypeLoadException: Unable to load one or more of the requested types.
Could not load file or assembly 'Microsoft.Bcl.AsyncInterfaces, Version=1.0.0.0, Culture=neutral, PublicKeyToken=cc7b13ffcd2ddd51'. Den angivne fil blev ikke fundet.
   at System.Reflection.RuntimeModule.GetTypes(RuntimeModule module)
   at System.Reflection.Assembly.GetTypes()
   at Microsoft.VisualStudio.TestPlatform.Common.ExtensionFramework.TestPluginDiscoverer.GetTestExtensionsFromAssembly[TPluginInfo,TExtension](Assembly assembly, Dictionary`2 pluginInfos, String filePath)
System.IO.FileNotFoundException: Could not load file or assembly 'Microsoft.Bcl.AsyncInterfaces, Version=1.0.0.0, Culture=neutral, PublicKeyToken=cc7b13ffcd2ddd51'. Den angivne fil blev ikke fundet.
File name: 'Microsoft.Bcl.AsyncInterfaces, Version=1.0.0.0, Culture=neutral, PublicKeyToken=cc7b13ffcd2ddd51'
 ---> System.IO.FileNotFoundException: Could not load file or assembly 'Microsoft.Bcl.AsyncInterfaces, Culture=neutral, PublicKeyToken=null'. Den angivne fil blev ikke fundet.
File name: 'Microsoft.Bcl.AsyncInterfaces, Culture=neutral, PublicKeyToken=null'
   at System.Reflection.RuntimeAssembly.InternalLoad(ObjectHandleOnStack assemblyName, ObjectHandleOnStack requestingAssembly, StackCrawlMarkHandle stackMark, Boolean throwOnFileNotFound, ObjectHandleOnStack assemblyLoadContext, ObjectHandleOnStack retAssembly)
   at System.Reflection.RuntimeAssembly.InternalLoad(AssemblyName assemblyName, RuntimeAssembly requestingAssembly, StackCrawlMark& stackMark, Boolean throwOnFileNotFound, AssemblyLoadContext assemblyLoadContext)
   at System.Reflection.Assembly.Load(AssemblyName assemblyRef)
   at Microsoft.VisualStudio.TestPlatform.Common.ExtensionFramework.TestPluginCache.CurrentDomainAssemblyResolve(Object sender, AssemblyResolveEventArgs args)
   at Microsoft.VisualStudio.TestPlatform.PlatformAbstractions.PlatformAssemblyResolver.AssemblyResolverEvent(Object sender, Object eventArgs)
   at System.Runtime.Loader.AssemblyLoadContext.GetFirstResolvedAssemblyFromResolvingEvent(AssemblyName assemblyName)
   at System.Runtime.Loader.AssemblyLoadContext.ResolveUsingEvent(AssemblyName assemblyName)
   at System.Runtime.Loader.AssemblyLoadContext.ResolveUsingResolvingEvent(IntPtr gchManagedAssemblyLoadContext, AssemblyName assemblyName)
TpTrace Warning: 0 : 37468, 1, 2023/01/12, 20:04:15.909, 5236992042828, vstest.console.dll, LoaderExceptions: System.IO.FileNotFoundException: Could not load file or assembly 'Microsoft.Bcl.AsyncInterfaces, Version=1.0.0.0, Culture=neutral, PublicKeyToken=cc7b13ffcd2ddd51'. Den angivne fil blev ikke fundet.
File name: 'Microsoft.Bcl.AsyncInterfaces, Version=1.0.0.0, Culture=neutral, PublicKeyToken=cc7b13ffcd2ddd51'
 ---> System.IO.FileNotFoundException: Could not load file or assembly 'Microsoft.Bcl.AsyncInterfaces, Culture=neutral, PublicKeyToken=null'. Den angivne fil blev ikke fundet.
File name: 'Microsoft.Bcl.AsyncInterfaces, Culture=neutral, PublicKeyToken=null'
   at System.Reflection.RuntimeAssembly.InternalLoad(ObjectHandleOnStack assemblyName, ObjectHandleOnStack requestingAssembly, StackCrawlMarkHandle stackMark, Boolean throwOnFileNotFound, ObjectHandleOnStack assemblyLoadContext, ObjectHandleOnStack retAssembly)
   at System.Reflection.RuntimeAssembly.InternalLoad(AssemblyName assemblyName, RuntimeAssembly requestingAssembly, StackCrawlMark& stackMark, Boolean throwOnFileNotFound, AssemblyLoadContext assemblyLoadContext)
   at System.Reflection.Assembly.Load(AssemblyName assemblyRef)
   at Microsoft.VisualStudio.TestPlatform.Common.ExtensionFramework.TestPluginCache.CurrentDomainAssemblyResolve(Object sender, AssemblyResolveEventArgs args)
   at Microsoft.VisualStudio.TestPlatform.PlatformAbstractions.PlatformAssemblyResolver.AssemblyResolverEvent(Object sender, Object eventArgs)
   at System.Runtime.Loader.AssemblyLoadContext.GetFirstResolvedAssemblyFromResolvingEvent(AssemblyName assemblyName)
   at System.Runtime.Loader.AssemblyLoadContext.ResolveUsingEvent(AssemblyName assemblyName)
   at System.Runtime.Loader.AssemblyLoadContext.ResolveUsingResolvingEvent(IntPtr gchManagedAssemblyLoadContext, AssemblyName assemblyName)
TpTrace Verbose: 0 : 37468, 1, 2023/01/12, 20:04:15.909, 5236992043360, vstest.console.dll, MetadataReaderExtensionsHelper: Discovering extensions inside assembly 'Microsoft.TestPlatform.Extensions.BlameDataCollector, Version=15.0.0.0, Culture=neutral, PublicKeyToken=b03f5f7f11d50a3a' file path 'C:\Program Files\dotnet\sdk\6.0.402\Extensions\Microsoft.TestPlatform.Extensions.BlameDataCollector.dll'
TpTrace Information: 0 : 37468, 1, 2023/01/12, 20:04:15.910, 5236992046350, vstest.console.dll, GetTestExtensionFromType: Register extension with identifier data 'logger://Microsoft/TestPlatform/Extensions/Blame/v1' and type 'Microsoft.TestPlatform.Extensions.BlameDataCollector.BlameLogger, Microsoft.TestPlatform.Extensions.BlameDataCollector, Version=15.0.0.0, Culture=neutral, PublicKeyToken=b03f5f7f11d50a3a' inside file 'C:\Program Files\dotnet\sdk\6.0.402\Extensions\Microsoft.TestPlatform.Extensions.BlameDataCollector.dll'
TpTrace Verbose: 0 : 37468, 1, 2023/01/12, 20:04:15.910, 5236992046722, vstest.console.dll, MetadataReaderExtensionsHelper: Discovering extensions inside assembly 'Microsoft.TestPlatform.Extensions.EventLogCollector, Version=15.0.0.0, Culture=neutral, PublicKeyToken=b03f5f7f11d50a3a' file path 'C:\Program Files\dotnet\sdk\6.0.402\Extensions\Microsoft.TestPlatform.Extensions.EventLogCollector.dll'
TpTrace Verbose: 0 : 37468, 1, 2023/01/12, 20:04:15.910, 5236992048968, vstest.console.dll, MetadataReaderExtensionsHelper: Discovering extensions inside assembly 'Microsoft.TestPlatform.TestHostRuntimeProvider, Version=15.0.0.0, Culture=neutral, PublicKeyToken=b03f5f7f11d50a3a' file path 'C:\Program Files\dotnet\sdk\6.0.402\Extensions\Microsoft.TestPlatform.TestHostRuntimeProvider.dll'
TpTrace Verbose: 0 : 37468, 1, 2023/01/12, 20:04:15.910, 5236992051039, vstest.console.dll, MetadataReaderExtensionsHelper: Discovering extensions inside assembly 'Microsoft.VisualStudio.TestPlatform.Extensions.Html.TestLogger, Version=15.0.0.0, Culture=neutral, PublicKeyToken=b03f5f7f11d50a3a' file path 'C:\Program Files\dotnet\sdk\6.0.402\Extensions\Microsoft.VisualStudio.TestPlatform.Extensions.Html.TestLogger.dll'
TpTrace Information: 0 : 37468, 1, 2023/01/12, 20:04:15.910, 5236992053315, vstest.console.dll, GetTestExtensionFromType: Register extension with identifier data 'logger://Microsoft/TestPlatform/HtmlLogger/v1' and type 'Microsoft.VisualStudio.TestPlatform.Extensions.HtmlLogger.HtmlLogger, Microsoft.VisualStudio.TestPlatform.Extensions.Html.TestLogger, Version=15.0.0.0, Culture=neutral, PublicKeyToken=b03f5f7f11d50a3a' inside file 'C:\Program Files\dotnet\sdk\6.0.402\Extensions\Microsoft.VisualStudio.TestPlatform.Extensions.Html.TestLogger.dll'
TpTrace Verbose: 0 : 37468, 1, 2023/01/12, 20:04:15.910, 5236992053670, vstest.console.dll, MetadataReaderExtensionsHelper: Discovering extensions inside assembly 'Microsoft.VisualStudio.TestPlatform.Extensions.Trx.TestLogger, Version=15.0.0.0, Culture=neutral, PublicKeyToken=b03f5f7f11d50a3a' file path 'C:\Program Files\dotnet\sdk\6.0.402\Extensions\Microsoft.VisualStudio.TestPlatform.Extensions.Trx.TestLogger.dll'
TpTrace Information: 0 : 37468, 1, 2023/01/12, 20:04:15.911, 5236992055952, vstest.console.dll, GetTestExtensionFromType: Register extension with identifier data 'logger://Microsoft/TestPlatform/TrxLogger/v1' and type 'Microsoft.VisualStudio.TestPlatform.Extensions.TrxLogger.TrxLogger, Microsoft.VisualStudio.TestPlatform.Extensions.Trx.TestLogger, Version=15.0.0.0, Culture=neutral, PublicKeyToken=b03f5f7f11d50a3a' inside file 'C:\Program Files\dotnet\sdk\6.0.402\Extensions\Microsoft.VisualStudio.TestPlatform.Extensions.Trx.TestLogger.dll'
TpTrace Verbose: 0 : 37468, 1, 2023/01/12, 20:04:15.911, 5236992056531, vstest.console.dll, TestPluginCache: Discovered the extensions using extension path ''.
TpTrace Verbose: 0 : 37468, 1, 2023/01/12, 20:04:15.911, 5236992056668, vstest.console.dll, TestPluginCache: Discoverers are ''.
TpTrace Verbose: 0 : 37468, 1, 2023/01/12, 20:04:15.911, 5236992056762, vstest.console.dll, TestPluginCache: Executors are ''.
TpTrace Verbose: 0 : 37468, 1, 2023/01/12, 20:04:15.911, 5236992056849, vstest.console.dll, TestPluginCache: Executors2 are ''.
TpTrace Verbose: 0 : 37468, 1, 2023/01/12, 20:04:15.911, 5236992056933, vstest.console.dll, TestPluginCache: Setting providers are ''.
TpTrace Verbose: 0 : 37468, 1, 2023/01/12, 20:04:15.911, 5236992057225, vstest.console.dll, TestPluginCache: Loggers are 'logger://Microsoft/TestPlatform/Extensions/Blame/v1,logger://Microsoft/TestPlatform/HtmlLogger/v1,logger://Microsoft/TestPlatform/TrxLogger/v1'.
TpTrace Verbose: 0 : 37468, 1, 2023/01/12, 20:04:15.911, 5236992057374, vstest.console.dll, TestPluginCache: TestHosts are 'HostProvider://DefaultTestHost,HostProvider://DotnetTestHost'.
TpTrace Verbose: 0 : 37468, 1, 2023/01/12, 20:04:15.911, 5236992057462, vstest.console.dll, TestPluginCache: DataCollectors are ''.
TpTrace Information: 0 : 37468, 1, 2023/01/12, 20:04:15.911, 5236992060343, vstest.console.dll, TestPluginManager.CreateTestExtension: Attempting to load test extension: Microsoft.TestPlatform.Extensions.BlameDataCollector.BlameLogger
TpTrace Verbose: 0 : 37468, 1, 2023/01/12, 20:04:15.913, 5236992083035, vstest.console.dll, TestEngine: Initializing Parallel Execution as MaxCpuCount is set to: 1
TpTrace Information: 0 : 37468, 1, 2023/01/12, 20:04:15.914, 5236992089905, vstest.console.dll, TestPluginManager.CreateTestExtension: Attempting to load test extension: Microsoft.VisualStudio.TestPlatform.CrossPlatEngine.Hosting.DefaultTestHostManager
TpTrace Information: 0 : 37468, 1, 2023/01/12, 20:04:15.915, 5236992095954, vstest.console.dll, TestPluginManager.CreateTestExtension: Attempting to load test extension: Microsoft.VisualStudio.TestPlatform.CrossPlatEngine.Hosting.DotnetTestHostManager
TpTrace Information: 0 : 37468, 1, 2023/01/12, 20:04:15.915, 5236992099792, vstest.console.dll, InferRunSettingsHelper.IsTestSettingsEnabled: Unable to navigate to RunSettings/MSTest. Current node: RunSettings
TpTrace Verbose: 0 : 37468, 1, 2023/01/12, 20:04:15.918, 5236992124440, vstest.console.dll, TestEngine.GetExecutionManager: Chosen execution manager 'Microsoft.VisualStudio.TestPlatform.CrossPlatEngine.Client.Parallel.ParallelProxyExecutionManager, Microsoft.TestPlatform.CrossPlatEngine, Version=15.0.0.0, Culture=neutral, PublicKeyToken=b03f5f7f11d50a3a' ParallelLevel '1'.
TpTrace Verbose: 0 : 37468, 1, 2023/01/12, 20:04:15.918, 5236992125093, vstest.console.dll, TestRunRequest.ExecuteAsync: Creating test run request.
TpTrace Verbose: 0 : 37468, 1, 2023/01/12, 20:04:15.918, 5236992126134, vstest.console.dll, TestRunRequest.ExecuteAsync: Starting.
TpTrace Information: 0 : 37468, 1, 2023/01/12, 20:04:15.918, 5236992127520, vstest.console.dll, TestRunRequest.ExecuteAsync: Starting run with settings:TestRunCriteria:
   KeepAlive=False,FrequencyOfRunStatsChangeEvent=10,RunStatsChangeEventTimeout=00:00:01.5000000,TestCaseFilter=,TestExecutorLauncher=
   Settingsxml=<RunSettings>
  <RunConfiguration>
    <ResultsDirectory>C:\Users\jepp5\Documents\GitHub\SWT_Examen\swt_examen\Tests\bin\Debug\net6.0\fine-code-coverage\coverage-tool-output</ResultsDirectory>
    <TargetPlatform>X64</TargetPlatform>
    <TargetFrameworkVersion>.NETCoreApp,Version=v6.0</TargetFrameworkVersion>
    <DesignMode>False</DesignMode>
    <CollectSourceInformation>False</CollectSourceInformation>
  </RunConfiguration>
  <LoggerRunSettings>
    <Loggers>
      <Logger friendlyName="blame" enabled="True" />
      <Logger friendlyName="Console" uri="logger://microsoft/TestPlatform/ConsoleLogger/v1" assemblyQualifiedName="Microsoft.VisualStudio.TestPlatform.CommandLine.Internal.ConsoleLogger, vstest.console, Version=15.0.0.0, Culture=neutral, PublicKeyToken=b03f5f7f11d50a3a" codeBase="C:\Program Files\dotnet\sdk\6.0.402\vstest.console.dll" enabled="True" />
    </Loggers>
  </LoggerRunSettings>
  <DataCollectionRunSettings>
    <DataCollectors>
      <DataCollector friendlyName="blame" enabled="True">
        <Configuration>
          <ResultsDirectory>C:\Users\jepp5\Documents\GitHub\SWT_Examen\swt_examen\Tests\bin\Debug\net6.0\fine-code-coverage\coverage-tool-output</ResultsDirectory>
        </Configuration>
      </DataCollector>
    </DataCollectors>
  </DataCollectionRunSettings>
</RunSettings>

TpTrace Verbose: 0 : 37468, 1, 2023/01/12, 20:04:15.918, 5236992127765, vstest.console.dll, TestRunRequest.ExecuteAsync: Wait for the first run request is over.
TpTrace Verbose: 0 : 37468, 1, 2023/01/12, 20:04:15.918, 5236992129679, vstest.console.dll, MulticastDelegateUtilities.SafeInvoke: TestRun.TestRunStart: Invoking callbacks was skipped because there are no subscribers.
TpTrace Verbose: 0 : 37468, 4, 2023/01/12, 20:04:15.918, 5236992130688, vstest.console.dll, MulticastDelegateUtilities.SafeInvoke: InternalTestLoggerEvents.SendTestRunStart: Invoking callback 1/1 for Microsoft.VisualStudio.TestPlatform.CommandLine.Internal.ConsoleLogger.TestRunStartHandler, took 0 ms.
TpTrace Verbose: 0 : 37468, 1, 2023/01/12, 20:04:15.918, 5236992133820, vstest.console.dll, ParallelProxyExecutionManager: Start execution. Total sources: 1
TpTrace Verbose: 0 : 37468, 1, 2023/01/12, 20:04:15.919, 5236992140886, vstest.console.dll, TestRequestSender is acting as server.
TpTrace Verbose: 0 : 37468, 1, 2023/01/12, 20:04:15.920, 5236992146039, vstest.console.dll, DataCollectionRequestSender.InitializeCommunication : Initialize communication. 
TpTrace Information: 0 : 37468, 1, 2023/01/12, 20:04:15.922, 5236992171088, vstest.console.dll, Listening on Endpoint : 127.0.0.1:49168
TpTrace Verbose: 0 : 37468, 1, 2023/01/12, 20:04:15.925, 5236992204173, vstest.console.dll, DotnetDataCollectionLauncher: Adding  --runtimeconfig "C:\Program Files\dotnet\sdk\6.0.402\datacollector.runtimeconfig.json" in args
TpTrace Verbose: 0 : 37468, 1, 2023/01/12, 20:04:15.926, 5236992204645, vstest.console.dll, DotnetDataCollectionLauncher: Adding  --depsfile "C:\Program Files\dotnet\sdk\6.0.402\datacollector.deps.json" in args
TpTrace Verbose: 0 : 37468, 1, 2023/01/12, 20:04:15.926, 5236992205125, vstest.console.dll, DotnetDataCollectionLauncher: Full path of dotnet.exe is C:\Program Files\dotnet\dotnet.exe
TpTrace Information: 0 : 37468, 1, 2023/01/12, 20:04:15.930, 5236992246339, vstest.console.dll, ProxyDataCollectionManager.Initialize: Launched datacollector processId: 2072 port: 49168
TpTrace Information: 0 : 37468, 1, 2023/01/12, 20:04:15.930, 5236992246914, vstest.console.dll, ProxyDataCollectionManager.Initialize: waiting for connection with timeout: 90 seconds
TpTrace Verbose: 0 : 37468, 1, 2023/01/12, 20:04:15.930, 5236992247163, vstest.console.dll, DataCollectionRequestSender.WaitForRequestHandlerConnection : Waiting for connection with timeout: 90000
TpTrace Verbose: 0 : 37468, 1, 2023/01/12, 20:04:15.994, 5236992888380, vstest.console.dll, SocketCommunicationManager.WaitForClientConnection took: 64 ms, with 90000 ms timeout, and finished with True.
TpTrace Information: 0 : 37468, 5, 2023/01/12, 20:04:15.994, 5236992888330, vstest.console.dll, Using the buffer size of 16384 bytes
TpTrace Information: 0 : 37468, 5, 2023/01/12, 20:04:15.994, 5236992889193, vstest.console.dll, Accepted Client request and set the flag
TpTrace Verbose: 0 : 37468, 1, 2023/01/12, 20:04:15.994, 5236992889255, vstest.console.dll, ProxyDataCollectionManager.InvokeDataCollectionServiceAction: Starting.
TpTrace Information: 0 : 37468, 1, 2023/01/12, 20:04:15.994, 5236992889649, vstest.console.dll, ProxyDataCollectionManager.BeforeTestRunStart: Get environment variable and port for datacollector processId: 2072 port: 49168
TpTrace Verbose: 0 : 37468, 1, 2023/01/12, 20:04:15.994, 5236992890119, vstest.console.dll, DataCollectionRequestSender.SendBeforeTestRunStartAndGetResult: Send BeforeTestRunStart message with settingsXml <RunSettings><RunConfiguration><ResultsDirectory>C:\Users\jepp5\Documents\GitHub\SWT_Examen\swt_examen\Tests\bin\Debug\net6.0\fine-code-coverage\coverage-tool-output</ResultsDirectory><TargetPlatform>X64</TargetPlatform><TargetFrameworkVersion>.NETCoreApp,Version=v6.0</TargetFrameworkVersion><DesignMode>False</DesignMode><CollectSourceInformation>False</CollectSourceInformation><TestAdaptersPaths>C:\Program Files\dotnet\sdk\6.0.402\Extensions</TestAdaptersPaths></RunConfiguration><LoggerRunSettings><Loggers><Logger friendlyName="blame" enabled="True" /><Logger friendlyName="Console" uri="logger://microsoft/TestPlatform/ConsoleLogger/v1" assemblyQualifiedName="Microsoft.VisualStudio.TestPlatform.CommandLine.Internal.ConsoleLogger, vstest.console, Version=15.0.0.0, Culture=neutral, PublicKeyToken=b03f5f7f11d50a3a" codeBase="C:\Program Files\dotnet\sdk\6.0.402\vstest.console.dll" enabled="True" /></Loggers></LoggerRunSettings><DataCollectionRunSettings><DataCollectors><DataCollector friendlyName="blame" enabled="True"><Configuration><ResultsDirectory>C:\Users\jepp5\Documents\GitHub\SWT_Examen\swt_examen\Tests\bin\Debug\net6.0\fine-code-coverage\coverage-tool-output</ResultsDirectory></Configuration></DataCollector></DataCollectors></DataCollectionRunSettings></RunSettings> and sources System.Collections.Generic.List`1[System.String]: 
TpTrace Verbose: 0 : 37468, 1, 2023/01/12, 20:04:16.022, 5236993172746, vstest.console.dll, DataCollectionRequestSender.SendBeforeTestRunStartAndGetResult: Received message: (DataCollection.SendMessage) -> {"MessageType":"DataCollection.SendMessage","Payload":{"FriendlyName":null,"Uri":null,"TestCaseId":"00000000-0000-0000-0000-000000000000","Message":"Logging DataCollector Diagnostics in file: C:\\Users\\jepp5\\Documents\\GitHub\\SWT_Examen\\swt_examen\\Tests\\bin\\Debug\\net6.0\\fine-code-coverage\\coverage-tool-output\\diagnostics.datacollector.23-01-12_20-04-15_92588_1.log","Level":0}}
TpTrace Verbose: 0 : 37468, 1, 2023/01/12, 20:04:16.065, 5236993600678, vstest.console.dll, DataCollectionRequestSender.SendBeforeTestRunStartAndGetResult: Received message: (DataCollection.BeforeTestRunStartResult) -> {"MessageType":"DataCollection.BeforeTestRunStartResult","Payload":{"EnvironmentVariables":{},"DataCollectionEventsPort":49170}}
TpTrace Information: 0 : 37468, 1, 2023/01/12, 20:04:16.068, 5236993628975, vstest.console.dll, ProxyDataCollectionManager.BeforeTestRunStart: SendBeforeTestRunStartAndGetResult successful, env variable from datacollector:   and testhost port: 49170
TpTrace Information: 0 : 37468, 1, 2023/01/12, 20:04:16.068, 5236993629406, vstest.console.dll, ProxyDataCollectionManager.InvokeDataCollectionServiceAction: Completed.
TpTrace Verbose: 0 : 37468, 7, 2023/01/12, 20:04:16.068, 5236993630058, vstest.console.dll, ParallelProxyExecutionManager: Execution started. Started clients: 1
TpTrace Verbose: 0 : 37468, 1, 2023/01/12, 20:04:16.068, 5236993630260, vstest.console.dll, ProxyParallelExecutionManager: No sources available for execution.
TpTrace Information: 0 : 37468, 1, 2023/01/12, 20:04:16.068, 5236993630543, vstest.console.dll, TestRunRequest.ExecuteAsync: Started.
TpTrace Verbose: 0 : 37468, 1, 2023/01/12, 20:04:16.068, 5236993630894, vstest.console.dll, TestRunRequest.WaitForCompletion: Waiting with timeout -1.
TpTrace Verbose: 0 : 37468, 7, 2023/01/12, 20:04:16.068, 5236993631612, vstest.console.dll, TestRunRequest:SendTestRunMessage: Starting.
TpTrace Verbose: 0 : 37468, 4, 2023/01/12, 20:04:16.068, 5236993632526, vstest.console.dll, MulticastDelegateUtilities.SafeInvoke: InternalTestLoggerEvents.SendTestRunMessage: Invoking callback 1/1 for Microsoft.VisualStudio.TestPlatform.CommandLine.Internal.ConsoleLogger.TestMessageHandler, took 0 ms.
TpTrace Verbose: 0 : 37468, 7, 2023/01/12, 20:04:16.068, 5236993632518, vstest.console.dll, MulticastDelegateUtilities.SafeInvoke: TestRun.LogMessages: Invoking callback 1/1 for Microsoft.VisualStudio.TestPlatform.CommandLine.TestRunResultAggregator.TestRunMessageHandler, took 0 ms.
TpTrace Information: 0 : 37468, 7, 2023/01/12, 20:04:16.068, 5236993633015, vstest.console.dll, TestRunRequest:SendTestRunMessage: Completed.
TpTrace Verbose: 0 : 37468, 7, 2023/01/12, 20:04:16.068, 5236993634061, vstest.console.dll, ProxyExecutionManager: Test host is always Lazy initialize.
TpTrace Verbose: 0 : 37468, 7, 2023/01/12, 20:04:16.069, 5236993635451, vstest.console.dll, TestRequestSender.InitializeCommunication: initialize communication. 
TpTrace Information: 0 : 37468, 7, 2023/01/12, 20:04:16.069, 5236993638677, vstest.console.dll, SocketServer.Start: Listening on endpoint : 127.0.0.1:49171
TpTrace Verbose: 0 : 37468, 7, 2023/01/12, 20:04:16.069, 5236993642353, vstest.console.dll, DotnetTestHostmanager.GetTestHostProcessStartInfo: Platform environment 'X64' target architecture 'X64' framework '.NETCoreApp,Version=v6.0' OS 'Windows'
TpTrace Verbose: 0 : 37468, 7, 2023/01/12, 20:04:16.069, 5236993643501, vstest.console.dll, DotnetTestHostmanager: Adding  --runtimeconfig "C:\Users\jepp5\Documents\GitHub\SWT_Examen\swt_examen\Tests\bin\Debug\net6.0\fine-code-coverage\build-output\Tests.runtimeconfig.json" in args
TpTrace Verbose: 0 : 37468, 7, 2023/01/12, 20:04:16.069, 5236993644015, vstest.console.dll, DotnetTestHostmanager: Adding  --depsfile "C:\Users\jepp5\Documents\GitHub\SWT_Examen\swt_examen\Tests\bin\Debug\net6.0\fine-code-coverage\build-output\Tests.deps.json" in args
TpTrace Verbose: 0 : 37468, 7, 2023/01/12, 20:04:16.070, 5236993644835, vstest.console.dll, DotnetTestHostmanager.IsWinOnArm: Current PROCESSOR_ARCHITECTURE from environment variable 'AMD64'
TpTrace Verbose: 0 : 37468, 7, 2023/01/12, 20:04:16.070, 5236993645137, vstest.console.dll, DotnetTestHostmanager.IsWinOnArm: Is Windows on ARM 'False'
TpTrace Verbose: 0 : 37468, 7, 2023/01/12, 20:04:16.070, 5236993645581, vstest.console.dll, DotnetTestHostManager: testhost.exe found at path: C:\Users\jepp5\Documents\GitHub\SWT_Examen\swt_examen\Tests\bin\Debug\net6.0\fine-code-coverage\build-output\testhost.exe
TpTrace Verbose: 0 : 37468, 7, 2023/01/12, 20:04:16.070, 5236993645797, vstest.console.dll, DotnetTestHostmanager: Full path of host exe is C:\Users\jepp5\Documents\GitHub\SWT_Examen\swt_examen\Tests\bin\Debug\net6.0\fine-code-coverage\build-output\testhost.exe
TpTrace Verbose: 0 : 37468, 7, 2023/01/12, 20:04:16.070, 5236993646367, vstest.console.dll, DotnetTestHostmanager.LaunchTestHostAsync: Found 'VSTEST_WINAPPHOST_DOTNET_ROOT' in env variables, value 'C:\Program Files\dotnet', forwarding to 'DOTNET_ROOT'
TpTrace Verbose: 0 : 37468, 7, 2023/01/12, 20:04:16.070, 5236993647014, vstest.console.dll, DotnetTestHostManager: Starting process 'C:\Users\jepp5\Documents\GitHub\SWT_Examen\swt_examen\Tests\bin\Debug\net6.0\fine-code-coverage\build-output\testhost.exe' with command line ' --runtimeconfig "C:\Users\jepp5\Documents\GitHub\SWT_Examen\swt_examen\Tests\bin\Debug\net6.0\fine-code-coverage\build-output\Tests.runtimeconfig.json" --depsfile "C:\Users\jepp5\Documents\GitHub\SWT_Examen\swt_examen\Tests\bin\Debug\net6.0\fine-code-coverage\build-output\Tests.deps.json" --port 49171 --endpoint 127.0.0.1:049171 --role client --parentprocessid 37468 --diag "C:\Users\jepp5\Documents\GitHub\SWT_Examen\swt_examen\Tests\bin\Debug\net6.0\fine-code-coverage\coverage-tool-output\diagnostics.host.23-01-12_20-04-16_06963_7.log" --tracelevel 4 --datacollectionport 49170 --telemetryoptedin false'
TpTrace Verbose: 0 : 37468, 7, 2023/01/12, 20:04:16.073, 5236993677125, vstest.console.dll, MulticastDelegateUtilities.SafeInvoke: HostProviderEvents.OnHostLaunched: Invoking callback 1/2 for Microsoft.VisualStudio.TestPlatform.CrossPlatEngine.Client.ProxyExecutionManagerWithDataCollection.TestHostLaunchedHandler, took 0 ms.
TpTrace Verbose: 0 : 37468, 7, 2023/01/12, 20:04:16.073, 5236993677513, vstest.console.dll, Test Runtime launched
TpTrace Verbose: 0 : 37468, 7, 2023/01/12, 20:04:16.073, 5236993677694, vstest.console.dll, MulticastDelegateUtilities.SafeInvoke: HostProviderEvents.OnHostLaunched: Invoking callback 2/2 for Microsoft.VisualStudio.TestPlatform.CrossPlatEngine.Client.ProxyOperationManager.TestHostManagerHostLaunched, took 0 ms.
TpTrace Verbose: 0 : 37468, 7, 2023/01/12, 20:04:16.073, 5236993678414, vstest.console.dll, TestRequestSender.WaitForRequestHandlerConnection: waiting for connection with timeout: 90000.
TpTrace Verbose: 0 : 37468, 7, 2023/01/12, 20:04:16.140, 5236994352408, vstest.console.dll, TestRequestSender.WaitForRequestHandlerConnection: waiting took 67 ms, with timeout 90000 ms, and result 0, which is success.
TpTrace Verbose: 0 : 37468, 13, 2023/01/12, 20:04:16.140, 5236994352408, vstest.console.dll, MulticastDelegateUtilities.SafeInvoke: SocketServer: ClientConnected: Invoking callback 1/1 for Microsoft.VisualStudio.TestPlatform.CommunicationUtilities.TestRequestSender.<InitializeCommunication>b__24_0, took 0 ms.
TpTrace Verbose: 0 : 37468, 13, 2023/01/12, 20:04:16.140, 5236994353249, vstest.console.dll, SocketServer.OnClientConnected: Client connected for endPoint: 127.0.0.1:49171, starting MessageLoopAsync:
TpTrace Verbose: 0 : 37468, 10, 2023/01/12, 20:04:16.141, 5236994355681, vstest.console.dll, TcpClientExtensions.MessageLoopAsync: Polling on remoteEndPoint: 127.0.0.1:49172 localEndPoint: 127.0.0.1:49171
TpTrace Verbose: 0 : 37468, 7, 2023/01/12, 20:04:16.141, 5236994357398, vstest.console.dll, TestRequestSender.CheckVersionWithTestHost: Sending check version message: {"MessageType":"ProtocolVersion","Payload":7}
TpTrace Verbose: 0 : 37468, 10, 2023/01/12, 20:04:16.203, 5236994982828, vstest.console.dll, TcpClientExtensions.MessageLoopAsync: NotifyDataAvailable remoteEndPoint: 127.0.0.1:49172 localEndPoint: 127.0.0.1:49171
TpTrace Verbose: 0 : 37468, 10, 2023/01/12, 20:04:16.204, 5236994984291, vstest.console.dll, TestRequestSender.CheckVersionWithTestHost: onMessageReceived received message: (ProtocolVersion) -> {"MessageType":"ProtocolVersion","Payload":5}
TpTrace Verbose: 0 : 37468, 10, 2023/01/12, 20:04:16.204, 5236994987379, vstest.console.dll, MulticastDelegateUtilities.SafeInvoke: LengthPrefixCommunicationChannel: MessageReceived: Invoking callback 1/1 for Microsoft.VisualStudio.TestPlatform.CommunicationUtilities.TestRequestSender+<>c__DisplayClass26_0.<CheckVersionWithTestHost>b__0, took 0 ms.
TpTrace Verbose: 0 : 37468, 10, 2023/01/12, 20:04:16.204, 5236994987733, vstest.console.dll, TcpClientExtensions.MessageLoopAsync: Polling on remoteEndPoint: 127.0.0.1:49172 localEndPoint: 127.0.0.1:49171
TpTrace Verbose: 0 : 37468, 7, 2023/01/12, 20:04:16.204, 5236994987842, vstest.console.dll, TestPluginCache.GetExtensionPaths: Filtered extension paths: 
TpTrace Verbose: 0 : 37468, 7, 2023/01/12, 20:04:16.204, 5236994988173, vstest.console.dll, TestPluginCache.GetExtensionPaths: Added default extension paths: C:\Program Files\dotnet\sdk\6.0.402\Extensions\Microsoft.Diagnostics.NETCore.Client.dll
C:\Program Files\dotnet\sdk\6.0.402\Extensions\Microsoft.TestPlatform.Extensions.BlameDataCollector.dll
C:\Program Files\dotnet\sdk\6.0.402\Extensions\Microsoft.TestPlatform.Extensions.EventLogCollector.dll
C:\Program Files\dotnet\sdk\6.0.402\Extensions\Microsoft.TestPlatform.TestHostRuntimeProvider.dll
C:\Program Files\dotnet\sdk\6.0.402\Extensions\Microsoft.VisualStudio.TestPlatform.Extensions.Html.TestLogger.dll
C:\Program Files\dotnet\sdk\6.0.402\Extensions\Microsoft.VisualStudio.TestPlatform.Extensions.Trx.TestLogger.dll
TpTrace Verbose: 0 : 37468, 7, 2023/01/12, 20:04:16.204, 5236994988325, vstest.console.dll, TestPluginCache.GetExtensionPaths: Added unfilterableExtensionPaths: 
TpTrace Verbose: 0 : 37468, 7, 2023/01/12, 20:04:16.205, 5236995004051, vstest.console.dll, TestRequestSender.InitializeExecution: Sending initialize execution with message: {"Version":5,"MessageType":"TestExecution.Initialize","Payload":["C:\\Users\\jepp5\\Documents\\GitHub\\SWT_Examen\\swt_examen\\Tests\\bin\\Debug\\net6.0\\fine-code-coverage\\build-output\\NUnit3.TestAdapter.dll"]}
TpTrace Warning: 0 : 37468, 7, 2023/01/12, 20:04:16.206, 5236995006020, vstest.console.dll, InferRunSettingsHelper.MakeRunsettingsCompatible: Removing the following settings: TargetPlatform from RunSettings file. To use those settings please move to latest version of Microsoft.NET.Test.Sdk
TpTrace Verbose: 0 : 37468, 10, 2023/01/12, 20:04:16.208, 5236995025788, vstest.console.dll, TcpClientExtensions.MessageLoopAsync: NotifyDataAvailable remoteEndPoint: 127.0.0.1:49172 localEndPoint: 127.0.0.1:49171
TpTrace Verbose: 0 : 37468, 10, 2023/01/12, 20:04:16.208, 5236995026561, vstest.console.dll, TestRequestSender.OnExecutionMessageReceived: Received message: {"Version":5,"MessageType":"TestSession.Message","Payload":{"MessageLevel":0,"Message":"Logging TestHost Diagnostics in file: C:\\Users\\jepp5\\Documents\\GitHub\\SWT_Examen\\swt_examen\\Tests\\bin\\Debug\\net6.0\\fine-code-coverage\\coverage-tool-output\\diagnostics.host.23-01-12_20-04-16_06963_7.log"}}
TpTrace Verbose: 0 : 37468, 10, 2023/01/12, 20:04:16.209, 5236995039039, vstest.console.dll, TestRunRequest:SendTestRunMessage: Starting.
TpTrace Verbose: 0 : 37468, 10, 2023/01/12, 20:04:16.209, 5236995039469, vstest.console.dll, MulticastDelegateUtilities.SafeInvoke: TestRun.LogMessages: Invoking callback 1/1 for Microsoft.VisualStudio.TestPlatform.CommandLine.TestRunResultAggregator.TestRunMessageHandler, took 0 ms.
TpTrace Verbose: 0 : 37468, 4, 2023/01/12, 20:04:16.209, 5236995039594, vstest.console.dll, MulticastDelegateUtilities.SafeInvoke: InternalTestLoggerEvents.SendTestRunMessage: Invoking callback 1/1 for Microsoft.VisualStudio.TestPlatform.CommandLine.Internal.ConsoleLogger.TestMessageHandler, took 0 ms.
TpTrace Information: 0 : 37468, 10, 2023/01/12, 20:04:16.209, 5236995039629, vstest.console.dll, TestRunRequest:SendTestRunMessage: Completed.
TpTrace Verbose: 0 : 37468, 10, 2023/01/12, 20:04:16.209, 5236995040117, vstest.console.dll, MulticastDelegateUtilities.SafeInvoke: LengthPrefixCommunicationChannel: MessageReceived: Invoking callback 1/1 for Microsoft.VisualStudio.TestPlatform.CommunicationUtilities.TestRequestSender+<>c__DisplayClass31_0.<StartTestRun>b__1, took 1 ms.
TpTrace Verbose: 0 : 37468, 10, 2023/01/12, 20:04:16.209, 5236995040237, vstest.console.dll, TcpClientExtensions.MessageLoopAsync: Polling on remoteEndPoint: 127.0.0.1:49172 localEndPoint: 127.0.0.1:49171
TpTrace Verbose: 0 : 37468, 7, 2023/01/12, 20:04:16.209, 5236995042657, vstest.console.dll, TestRequestSender.StartTestRun: Sending test run with message: {"Version":5,"MessageType":"TestExecution.StartWithSources","Payload":{"AdapterSourceMap":{"_none_":["C:\\Users\\jepp5\\Documents\\GitHub\\SWT_Examen\\swt_examen\\Tests\\bin\\Debug\\net6.0\\fine-code-coverage\\build-output\\Tests.dll"]},"RunSettings":"<RunSettings>\r\n  <RunConfiguration>\r\n    <ResultsDirectory>C:\\Users\\jepp5\\Documents\\GitHub\\SWT_Examen\\swt_examen\\Tests\\bin\\Debug\\net6.0\\fine-code-coverage\\coverage-tool-output</ResultsDirectory>\r\n    <TargetFrameworkVersion>.NETCoreApp,Version=v6.0</TargetFrameworkVersion>\r\n    <DesignMode>False</DesignMode>\r\n    <CollectSourceInformation>False</CollectSourceInformation>\r\n  </RunConfiguration>\r\n  <LoggerRunSettings>\r\n    <Loggers>\r\n      <Logger friendlyName=\"blame\" enabled=\"True\" />\r\n      <Logger friendlyName=\"Console\" uri=\"logger://microsoft/TestPlatform/ConsoleLogger/v1\" assemblyQualifiedName=\"Microsoft.VisualStudio.TestPlatform.CommandLine.Internal.ConsoleLogger, vstest.console, Version=15.0.0.0, Culture=neutral, PublicKeyToken=b03f5f7f11d50a3a\" codeBase=\"C:\\Program Files\\dotnet\\sdk\\6.0.402\\vstest.console.dll\" enabled=\"True\" />\r\n    </Loggers>\r\n  </LoggerRunSettings>\r\n  <DataCollectionRunSettings>\r\n    <DataCollectors>\r\n      <DataCollector friendlyName=\"blame\" enabled=\"True\">\r\n        <Configuration>\r\n          <ResultsDirectory>C:\\Users\\jepp5\\Documents\\GitHub\\SWT_Examen\\swt_examen\\Tests\\bin\\Debug\\net6.0\\fine-code-coverage\\coverage-tool-output</ResultsDirectory>\r\n        </Configuration>\r\n      </DataCollector>\r\n    </DataCollectors>\r\n  </DataCollectionRunSettings>\r\n</RunSettings>","TestExecutionContext":{"FrequencyOfRunStatsChangeEvent":10,"RunStatsChangeEventTimeout":"00:00:01.5000000","InIsolation":false,"KeepAlive":false,"AreTestCaseLevelEventsRequired":false,"IsDebug":false,"TestCaseFilter":null,"FilterOptions":null},"Package":null}}
TpTrace Verbose: 0 : 37468, 10, 2023/01/12, 20:04:16.288, 5236995831789, vstest.console.dll, TcpClientExtensions.MessageLoopAsync: NotifyDataAvailable remoteEndPoint: 127.0.0.1:49172 localEndPoint: 127.0.0.1:49171
TpTrace Verbose: 0 : 37468, 10, 2023/01/12, 20:04:16.288, 5236995832788, vstest.console.dll, TestRequestSender.OnExecutionMessageReceived: Received message: {"Version":5,"MessageType":"TestSession.Message","Payload":{"MessageLevel":0,"Message":"NUnit Adapter 4.2.0.0: Test execution started"}}
TpTrace Verbose: 0 : 37468, 10, 2023/01/12, 20:04:16.288, 5236995833811, vstest.console.dll, TestRunRequest:SendTestRunMessage: Starting.
TpTrace Verbose: 0 : 37468, 10, 2023/01/12, 20:04:16.288, 5236995834096, vstest.console.dll, MulticastDelegateUtilities.SafeInvoke: TestRun.LogMessages: Invoking callback 1/1 for Microsoft.VisualStudio.TestPlatform.CommandLine.TestRunResultAggregator.TestRunMessageHandler, took 0 ms.
TpTrace Information: 0 : 37468, 10, 2023/01/12, 20:04:16.288, 5236995834199, vstest.console.dll, TestRunRequest:SendTestRunMessage: Completed.
TpTrace Verbose: 0 : 37468, 10, 2023/01/12, 20:04:16.289, 5236995834308, vstest.console.dll, MulticastDelegateUtilities.SafeInvoke: LengthPrefixCommunicationChannel: MessageReceived: Invoking callback 1/1 for Microsoft.VisualStudio.TestPlatform.CommunicationUtilities.TestRequestSender+<>c__DisplayClass31_0.<StartTestRun>b__1, took 0 ms.
TpTrace Verbose: 0 : 37468, 4, 2023/01/12, 20:04:16.289, 5236995834331, vstest.console.dll, MulticastDelegateUtilities.SafeInvoke: InternalTestLoggerEvents.SendTestRunMessage: Invoking callback 1/1 for Microsoft.VisualStudio.TestPlatform.CommandLine.Internal.ConsoleLogger.TestMessageHandler, took 0 ms.
TpTrace Verbose: 0 : 37468, 10, 2023/01/12, 20:04:16.289, 5236995834420, vstest.console.dll, TcpClientExtensions.MessageLoopAsync: Polling on remoteEndPoint: 127.0.0.1:49172 localEndPoint: 127.0.0.1:49171
TpTrace Verbose: 0 : 37468, 10, 2023/01/12, 20:04:16.303, 5236995979428, vstest.console.dll, TcpClientExtensions.MessageLoopAsync: NotifyDataAvailable remoteEndPoint: 127.0.0.1:49172 localEndPoint: 127.0.0.1:49171
TpTrace Verbose: 0 : 37468, 10, 2023/01/12, 20:04:16.303, 5236995979941, vstest.console.dll, TestRequestSender.OnExecutionMessageReceived: Received message: {"Version":5,"MessageType":"TestSession.Message","Payload":{"MessageLevel":0,"Message":"Running all tests in C:\\Users\\jepp5\\Documents\\GitHub\\SWT_Examen\\swt_examen\\Tests\\bin\\Debug\\net6.0\\fine-code-coverage\\build-output\\Tests.dll"}}
TpTrace Verbose: 0 : 37468, 10, 2023/01/12, 20:04:16.303, 5236995980463, vstest.console.dll, TestRunRequest:SendTestRunMessage: Starting.
TpTrace Verbose: 0 : 37468, 10, 2023/01/12, 20:04:16.303, 5236995980664, vstest.console.dll, MulticastDelegateUtilities.SafeInvoke: TestRun.LogMessages: Invoking callback 1/1 for Microsoft.VisualStudio.TestPlatform.CommandLine.TestRunResultAggregator.TestRunMessageHandler, took 0 ms.
TpTrace Information: 0 : 37468, 10, 2023/01/12, 20:04:16.303, 5236995980790, vstest.console.dll, TestRunRequest:SendTestRunMessage: Completed.
TpTrace Verbose: 0 : 37468, 4, 2023/01/12, 20:04:16.303, 5236995980818, vstest.console.dll, MulticastDelegateUtilities.SafeInvoke: InternalTestLoggerEvents.SendTestRunMessage: Invoking callback 1/1 for Microsoft.VisualStudio.TestPlatform.CommandLine.Internal.ConsoleLogger.TestMessageHandler, took 0 ms.
TpTrace Verbose: 0 : 37468, 10, 2023/01/12, 20:04:16.303, 5236995980894, vstest.console.dll, MulticastDelegateUtilities.SafeInvoke: LengthPrefixCommunicationChannel: MessageReceived: Invoking callback 1/1 for Microsoft.VisualStudio.TestPlatform.CommunicationUtilities.TestRequestSender+<>c__DisplayClass31_0.<StartTestRun>b__1, took 0 ms.
TpTrace Verbose: 0 : 37468, 10, 2023/01/12, 20:04:16.303, 5236995981322, vstest.console.dll, TcpClientExtensions.MessageLoopAsync: Polling on remoteEndPoint: 127.0.0.1:49172 localEndPoint: 127.0.0.1:49171
TpTrace Verbose: 0 : 37468, 10, 2023/01/12, 20:04:16.373, 5236996681390, vstest.console.dll, TcpClientExtensions.MessageLoopAsync: NotifyDataAvailable remoteEndPoint: 127.0.0.1:49172 localEndPoint: 127.0.0.1:49171
TpTrace Verbose: 0 : 37468, 10, 2023/01/12, 20:04:16.373, 5236996682588, vstest.console.dll, TestRequestSender.OnExecutionMessageReceived: Received message: {"Version":5,"MessageType":"TestSession.Message","Payload":{"MessageLevel":0,"Message":"   NUnit3TestExecutor discovered 24 of 24 NUnit test cases using Current Discovery mode, Non-Explicit run"}}
TpTrace Verbose: 0 : 37468, 10, 2023/01/12, 20:04:16.373, 5236996683455, vstest.console.dll, TestRunRequest:SendTestRunMessage: Starting.
TpTrace Verbose: 0 : 37468, 10, 2023/01/12, 20:04:16.373, 5236996683771, vstest.console.dll, MulticastDelegateUtilities.SafeInvoke: TestRun.LogMessages: Invoking callback 1/1 for Microsoft.VisualStudio.TestPlatform.CommandLine.TestRunResultAggregator.TestRunMessageHandler, took 0 ms.
TpTrace Verbose: 0 : 37468, 4, 2023/01/12, 20:04:16.373, 5236996683899, vstest.console.dll, MulticastDelegateUtilities.SafeInvoke: InternalTestLoggerEvents.SendTestRunMessage: Invoking callback 1/1 for Microsoft.VisualStudio.TestPlatform.CommandLine.Internal.ConsoleLogger.TestMessageHandler, took 0 ms.
TpTrace Information: 0 : 37468, 10, 2023/01/12, 20:04:16.373, 5236996683982, vstest.console.dll, TestRunRequest:SendTestRunMessage: Completed.
TpTrace Verbose: 0 : 37468, 10, 2023/01/12, 20:04:16.374, 5236996684565, vstest.console.dll, MulticastDelegateUtilities.SafeInvoke: LengthPrefixCommunicationChannel: MessageReceived: Invoking callback 1/1 for Microsoft.VisualStudio.TestPlatform.CommunicationUtilities.TestRequestSender+<>c__DisplayClass31_0.<StartTestRun>b__1, took 0 ms.
TpTrace Verbose: 0 : 37468, 10, 2023/01/12, 20:04:16.374, 5236996684765, vstest.console.dll, TcpClientExtensions.MessageLoopAsync: Polling on remoteEndPoint: 127.0.0.1:49172 localEndPoint: 127.0.0.1:49171
TpTrace Verbose: 0 : 37468, 10, 2023/01/12, 20:04:16.471, 5236997655455, vstest.console.dll, TcpClientExtensions.MessageLoopAsync: NotifyDataAvailable remoteEndPoint: 127.0.0.1:49172 localEndPoint: 127.0.0.1:49171
TpTrace Verbose: 0 : 37468, 10, 2023/01/12, 20:04:16.471, 5236997657236, vstest.console.dll, TestRequestSender.OnExecutionMessageReceived: Received message: {"Version":5,"MessageType":"TestExecution.StatsChange","Payload":{"NewTestResults":[{"TestCase":{"Id":"a2950a23-8121-0341-f46d-870ea7256acd","FullyQualifiedName":"Tests.TestBeregnYdelser.CorrectMonthly_Test(10000,0.015d,60,253.93d)","DisplayName":"CorrectMonthly_Test(10000,0.015d,60,253.93d)","ExecutorUri":"executor://NUnit3TestExecutor","Source":"C:\\Users\\jepp5\\Documents\\GitHub\\SWT_Examen\\swt_examen\\Tests\\bin\\Debug\\net6.0\\fine-code-coverage\\build-output\\Tests.dll","CodeFilePath":null,"LineNumber":0,"Properties":[{"Key":{"Id":"NUnit.Seed","Label":"Seed","Category":"","Description":"","Attributes":0,"ValueType":"System.String"},"Value":"1073740416"}]},"Attachments":[],"Outcome":1,"ErrorMessage":null,"ErrorStackTrace":null,"DisplayName":"CorrectMonthly_Test(10000,0.015d,60,253.93d)","Messages":[],"ComputerName":"DESKTOP-GILPRA3","Duration":"00:00:00.0517810","StartTime":"2023-01-12T19:04:16.3861697+00:00","EndTime":"2023-01-12T19:04:16.4379189+00:00","Properties":[{"Key":{"Id":"NUnit.Seed","Label":"Seed","Category":"","Description":"","Attributes":0,"ValueType":"System.String"},"Value":"1073740416"}]},{"TestCase":{"Id":"ab14ae4e-b853-af8c-5a7f-e06e97f06ce4","FullyQualifiedName":"Tests.TestBeregnYdelser.CorrectMonthly_Test(50000,0.0025d,120,482.8d)","DisplayName":"CorrectMonthly_Test(50000,0.0025d,120,482.8d)","ExecutorUri":"executor://NUnit3TestExecutor","Source":"C:\\Users\\jepp5\\Documents\\GitHub\\SWT_Examen\\swt_examen\\Tests\\bin\\Debug\\net6.0\\fine-code-coverage\\build-output\\Tests.dll","CodeFilePath":null,"LineNumber":0,"Properties":[{"Key":{"Id":"NUnit.Seed","Label":"Seed","Category":"","Description":"","Attributes":0,"ValueType":"System.String"},"Value":"1011015628"}]},"Attachments":[],"Outcome":1,"ErrorMessage":null,"ErrorStackTrace":null,"DisplayName":"CorrectMonthly_Test(50000,0.0025d,120,482.8d)","Messages":[],"ComputerName":"DESKTOP-GILPRA3","Duration":"00:00:00.0012489","StartTime":"2023-01-12T19:04:16.4387571+00:00","EndTime":"2023-01-12T19:04:16.4400064+00:00","Properties":[{"Key":{"Id":"NUnit.Seed","Label":"Seed","Category":"","Description":"","Attributes":0,"ValueType":"System.String"},"Value":"1011015628"}]},{"TestCase":{"Id":"235112d5-2abf-b256-b093-22307dbf1783","FullyQualifiedName":"Tests.TestBeregnYdelser.CorrectMonthly_Test(100000,0.005d,120,1110.21d)","DisplayName":"CorrectMonthly_Test(100000,0.005d,120,1110.21d)","ExecutorUri":"executor://NUnit3TestExecutor","Source":"C:\\Users\\jepp5\\Documents\\GitHub\\SWT_Examen\\swt_examen\\Tests\\bin\\Debug\\net6.0\\fine-code-coverage\\build-output\\Tests.dll","CodeFilePath":null,"LineNumber":0,"Properties":[{"Key":{"Id":"NUnit.Seed","Label":"Seed","Category":"","Description":"","Attributes":0,"ValueType":"System.String"},"Value":"1627783340"}]},"Attachments":[],"Outcome":1,"ErrorMessage":null,"ErrorStackTrace":null,"DisplayName":"CorrectMonthly_Test(100000,0.005d,120,1110.21d)","Messages":[],"ComputerName":"DESKTOP-GILPRA3","Duration":"00:00:00.0000340","StartTime":"2023-01-12T19:04:16.4400166+00:00","EndTime":"2023-01-12T19:04:16.4400508+00:00","Properties":[{"Key":{"Id":"NUnit.Seed","Label":"Seed","Category":"","Description":"","Attributes":0,"ValueType":"System.String"},"Value":"1627783340"}]},{"TestCase":{"Id":"1cd45e44-7909-9eec-d748-4ff0a991b0d7","FullyQualifiedName":"Tests.TestBeregnYdelser.DefaultValue_Test","DisplayName":"DefaultValue_Test","ExecutorUri":"executor://NUnit3TestExecutor","Source":"C:\\Users\\jepp5\\Documents\\GitHub\\SWT_Examen\\swt_examen\\Tests\\bin\\Debug\\net6.0\\fine-code-coverage\\build-output\\Tests.dll","CodeFilePath":null,"LineNumber":0,"Properties":[{"Key":{"Id":"NUnit.Seed","Label":"Seed","Category":"","Description":"","Attributes":0,"ValueType":"System.String"},"Value":"1747210718"}]},"Attachments":[],"Outcome":1,"ErrorMessage":null,"ErrorStackTrace":null,"DisplayName":"DefaultValue_Test","Messages":[],"ComputerName":"DESKTOP-GILPRA3","Duration":"00:00:00.0001180","StartTime":"2023-01-12T19:04:16.4406043+00:00","EndTime":"2023-01-12T19:04:16.4407225+00:00","Properties":[{"Key":{"Id":"NUnit.Seed","Label":"Seed","Category":"","Description":"","Attributes":0,"ValueType":"System.String"},"Value":"1747210718"}]},{"TestCase":{"Id":"28c417ce-d6eb-fe22-6c2f-fdcd54b3c2f4","FullyQualifiedName":"Tests.TestBeregnYdelser.NoRentCalculation","DisplayName":"NoRentCalculation","ExecutorUri":"executor://NUnit3TestExecutor","Source":"C:\\Users\\jepp5\\Documents\\GitHub\\SWT_Examen\\swt_examen\\Tests\\bin\\Debug\\net6.0\\fine-code-coverage\\build-output\\Tests.dll","CodeFilePath":null,"LineNumber":0,"Properties":[{"Key":{"Id":"NUnit.Seed","Label":"Seed","Category":"","Description":"","Attributes":0,"ValueType":"System.String"},"Value":"1719653931"}]},"Attachments":[],"Outcome":1,"ErrorMessage":null,"ErrorStackTrace":null,"DisplayName":"NoRentCalculation","Messages":[],"ComputerName":"DESKTOP-GILPRA3","Duration":"00:00:00.0001860","StartTime":"2023-01-12T19:04:16.4407281+00:00","EndTime":"2023-01-12T19:04:16.4409136+00:00","Properties":[{"Key":{"Id":"NUnit.Seed","Label":"Seed","Category":"","Description":"","Attributes":0,"ValueType":"System.String"},"Value":"1719653931"}]},{"TestCase":{"Id":"1d677b01-c534-917f-937a-4d9a661e1931","FullyQualifiedName":"Tests.TestBeregnYdelser.OnBoundaryMonthly_Test(1)","DisplayName":"OnBoundaryMonthly_Test(1)","ExecutorUri":"executor://NUnit3TestExecutor","Source":"C:\\Users\\jepp5\\Documents\\GitHub\\SWT_Examen\\swt_examen\\Tests\\bin\\Debug\\net6.0\\fine-code-coverage\\build-output\\Tests.dll","CodeFilePath":null,"LineNumber":0,"Properties":[{"Key":{"Id":"NUnit.Seed","Label":"Seed","Category":"","Description":"","Attributes":0,"ValueType":"System.String"},"Value":"19510667"}]},"Attachments":[],"Outcome":1,"ErrorMessage":null,"ErrorStackTrace":null,"DisplayName":"OnBoundaryMonthly_Test(1)","Messages":[],"ComputerName":"DESKTOP-GILPRA3","Duration":"00:00:00.0007600","StartTime":"2023-01-12T19:04:16.4409289+00:00","EndTime":"2023-01-12T19:04:16.4416888+00:00","Properties":[{"Key":{"Id":"NUnit.Seed","Label":"Seed","Category":"","Description":"","Attributes":0,"ValueType":"System.String"},"Value":"19510667"}]},{"TestCase":{"Id":"5d318754-eed9-4f2b-f2c3-433f59114502","FullyQualifiedName":"Tests.TestBeregnYdelser.OnBoundaryMonthly_Test(120)","DisplayName":"OnBoundaryMonthly_Test(120)","ExecutorUri":"executor://NUnit3TestExecutor","Source":"C:\\Users\\jepp5\\Documents\\GitHub\\SWT_Examen\\swt_examen\\Tests\\bin\\Debug\\net6.0\\fine-code-coverage\\build-output\\Tests.dll","CodeFilePath":null,"LineNumber":0,"Properties":[{"Key":{"Id":"NUnit.Seed","Label":"Seed","Category":"","Description":"","Attributes":0,"ValueType":"System.String"},"Value":"1455638336"}]},"Attachments":[],"Outcome":1,"ErrorMessage":null,"ErrorStackTrace":null,"DisplayName":"OnBoundaryMonthly_Test(120)","Messages":[],"ComputerName":"DESKTOP-GILPRA3","Duration":"00:00:00.0000520","StartTime":"2023-01-12T19:04:16.4416956+00:00","EndTime":"2023-01-12T19:04:16.4417475+00:00","Properties":[{"Key":{"Id":"NUnit.Seed","Label":"Seed","Category":"","Description":"","Attributes":0,"ValueType":"System.String"},"Value":"1455638336"}]},{"TestCase":{"Id":"7f93fe76-8e2a-8eac-7282-02e0f0b919cc","FullyQualifiedName":"Tests.TestBeregnYdelser.OnRentUpdate_Test","DisplayName":"OnRentUpdate_Test","ExecutorUri":"executor://NUnit3TestExecutor","Source":"C:\\Users\\jepp5\\Documents\\GitHub\\SWT_Examen\\swt_examen\\Tests\\bin\\Debug\\net6.0\\fine-code-coverage\\build-output\\Tests.dll","CodeFilePath":null,"LineNumber":0,"Properties":[{"Key":{"Id":"NUnit.Seed","Label":"Seed","Category":"","Description":"","Attributes":0,"ValueType":"System.String"},"Value":"620106245"}]},"Attachments":[],"Outcome":1,"ErrorMessage":null,"ErrorStackTrace":null,"DisplayName":"OnRentUpdate_Test","Messages":[],"ComputerName":"DESKTOP-GILPRA3","Duration":"00:00:00.0001220","StartTime":"2023-01-12T19:04:16.4417615+00:00","EndTime":"2023-01-12T19:04:16.441883+00:00","Properties":[{"Key":{"Id":"NUnit.Seed","Label":"Seed","Category":"","Description":"","Attributes":0,"ValueType":"System.String"},"Value":"620106245"}]},{"TestCase":{"Id":"532dac59-4864-2354-b088-6380ce1fd17f","FullyQualifiedName":"Tests.TestBeregnYdelser.OutOfBoundaryMonthly_Test(0)","DisplayName":"OutOfBoundaryMonthly_Test(0)","ExecutorUri":"executor://NUnit3TestExecutor","Source":"C:\\Users\\jepp5\\Documents\\GitHub\\SWT_Examen\\swt_examen\\Tests\\bin\\Debug\\net6.0\\fine-code-coverage\\build-output\\Tests.dll","CodeFilePath":null,"LineNumber":0,"Properties":[{"Key":{"Id":"NUnit.Seed","Label":"Seed","Category":"","Description":"","Attributes":0,"ValueType":"System.String"},"Value":"2013265729"}]},"Attachments":[],"Outcome":1,"ErrorMessage":null,"ErrorStackTrace":null,"DisplayName":"OutOfBoundaryMonthly_Test(0)","Messages":[],"ComputerName":"DESKTOP-GILPRA3","Duration":"00:00:00.0001190","StartTime":"2023-01-12T19:04:16.4418986+00:00","EndTime":"2023-01-12T19:04:16.4420175+00:00","Properties":[{"Key":{"Id":"NUnit.Seed","Label":"Seed","Category":"","Description":"","Attributes":0,"ValueType":"System.String"},"Value":"2013265729"}]}],"TestRunStatistics":{"ExecutedTests":9,"Stats":{"Passed":9}},"ActiveTests":[{"Id":"6c19222a-6a53-1d37-2ec8-b31b9c867696","FullyQualifiedName":"Tests.TestBeregnYdelser.OutOfBoundaryMonthly_Test(121)","DisplayName":"OutOfBoundaryMonthly_Test(121)","ExecutorUri":"executor://NUnit3TestExecutor","Source":"C:\\Users\\jepp5\\Documents\\GitHub\\SWT_Examen\\swt_examen\\Tests\\bin\\Debug\\net6.0\\fine-code-coverage\\build-output\\Tests.dll","CodeFilePath":null,"LineNumber":0,"Properties":[{"Key":{"Id":"NUnit.Seed","Label":"Seed","Category":"","Description":"","Attributes":0,"ValueType":"System.String"},"Value":"1462229251"}]}]}}
TpTrace Verbose: 0 : 37468, 10, 2023/01/12, 20:04:16.485, 5236997800788, vstest.console.dll, TestRunRequest:SendTestRunStatsChange: Starting.
TpTrace Verbose: 0 : 37468, 10, 2023/01/12, 20:04:16.485, 5236997801653, vstest.console.dll, InProgress is OutOfBoundaryMonthly_Test(121)
TpTrace Verbose: 0 : 37468, 10, 2023/01/12, 20:04:16.485, 5236997802877, vstest.console.dll, MulticastDelegateUtilities.SafeInvoke: TestRun.RunStatsChanged: Invoking callbacks was skipped because there are no subscribers.
TpTrace Information: 0 : 37468, 10, 2023/01/12, 20:04:16.485, 5236997803084, vstest.console.dll, TestRunRequest:SendTestRunStatsChange: Completed.
TpTrace Verbose: 0 : 37468, 10, 2023/01/12, 20:04:16.485, 5236997803268, vstest.console.dll, MulticastDelegateUtilities.SafeInvoke: LengthPrefixCommunicationChannel: MessageReceived: Invoking callback 1/1 for Microsoft.VisualStudio.TestPlatform.CommunicationUtilities.TestRequestSender+<>c__DisplayClass31_0.<StartTestRun>b__1, took 14 ms.
TpTrace Verbose: 0 : 37468, 10, 2023/01/12, 20:04:16.485, 5236997803462, vstest.console.dll, TcpClientExtensions.MessageLoopAsync: Polling on remoteEndPoint: 127.0.0.1:49172 localEndPoint: 127.0.0.1:49171
TpTrace Verbose: 0 : 37468, 10, 2023/01/12, 20:04:16.485, 5236997803679, vstest.console.dll, TcpClientExtensions.MessageLoopAsync: NotifyDataAvailable remoteEndPoint: 127.0.0.1:49172 localEndPoint: 127.0.0.1:49171
TpTrace Verbose: 0 : 37468, 10, 2023/01/12, 20:04:16.486, 5236997804636, vstest.console.dll, TestRequestSender.OnExecutionMessageReceived: Received message: {"Version":5,"MessageType":"TestExecution.StatsChange","Payload":{"NewTestResults":[{"TestCase":{"Id":"6c19222a-6a53-1d37-2ec8-b31b9c867696","FullyQualifiedName":"Tests.TestBeregnYdelser.OutOfBoundaryMonthly_Test(121)","DisplayName":"OutOfBoundaryMonthly_Test(121)","ExecutorUri":"executor://NUnit3TestExecutor","Source":"C:\\Users\\jepp5\\Documents\\GitHub\\SWT_Examen\\swt_examen\\Tests\\bin\\Debug\\net6.0\\fine-code-coverage\\build-output\\Tests.dll","CodeFilePath":null,"LineNumber":0,"Properties":[{"Key":{"Id":"NUnit.Seed","Label":"Seed","Category":"","Description":"","Attributes":0,"ValueType":"System.String"},"Value":"1462229251"}]},"Attachments":[],"Outcome":1,"ErrorMessage":null,"ErrorStackTrace":null,"DisplayName":"OutOfBoundaryMonthly_Test(121)","Messages":[],"ComputerName":"DESKTOP-GILPRA3","Duration":"00:00:00.0000349","StartTime":"2023-01-12T19:04:16.4420231+00:00","EndTime":"2023-01-12T19:04:16.4420584+00:00","Properties":[{"Key":{"Id":"NUnit.Seed","Label":"Seed","Category":"","Description":"","Attributes":0,"ValueType":"System.String"},"Value":"1462229251"}]},{"TestCase":{"Id":"c886b998-cd3e-c408-f685-a8fc22f8ec1d","FullyQualifiedName":"Tests.TestDisplay.GenericPrint_Test","DisplayName":"GenericPrint_Test","ExecutorUri":"executor://NUnit3TestExecutor","Source":"C:\\Users\\jepp5\\Documents\\GitHub\\SWT_Examen\\swt_examen\\Tests\\bin\\Debug\\net6.0\\fine-code-coverage\\build-output\\Tests.dll","CodeFilePath":null,"LineNumber":0,"Properties":[{"Key":{"Id":"NUnit.Seed","Label":"Seed","Category":"","Description":"","Attributes":0,"ValueType":"System.String"},"Value":"1140994463"}]},"Attachments":[],"Outcome":1,"ErrorMessage":null,"ErrorStackTrace":null,"DisplayName":"GenericPrint_Test","Messages":[],"ComputerName":"DESKTOP-GILPRA3","Duration":"00:00:00.0005830","StartTime":"2023-01-12T19:04:16.4424823+00:00","EndTime":"2023-01-12T19:04:16.4430653+00:00","Properties":[{"Key":{"Id":"NUnit.Seed","Label":"Seed","Category":"","Description":"","Attributes":0,"ValueType":"System.String"},"Value":"1140994463"}]},{"TestCase":{"Id":"0f17ed24-d77b-8c31-82ee-fb590753977f","FullyQualifiedName":"Tests.TestDisplay.UpdateRentPrint_Test","DisplayName":"UpdateRentPrint_Test","ExecutorUri":"executor://NUnit3TestExecutor","Source":"C:\\Users\\jepp5\\Documents\\GitHub\\SWT_Examen\\swt_examen\\Tests\\bin\\Debug\\net6.0\\fine-code-coverage\\build-output\\Tests.dll","CodeFilePath":null,"LineNumber":0,"Properties":[{"Key":{"Id":"NUnit.Seed","Label":"Seed","Category":"","Description":"","Attributes":0,"ValueType":"System.String"},"Value":"1045962591"}]},"Attachments":[],"Outcome":1,"ErrorMessage":null,"ErrorStackTrace":null,"DisplayName":"UpdateRentPrint_Test","Messages":[],"ComputerName":"DESKTOP-GILPRA3","Duration":"00:00:00.0001340","StartTime":"2023-01-12T19:04:16.443075+00:00","EndTime":"2023-01-12T19:04:16.4432088+00:00","Properties":[{"Key":{"Id":"NUnit.Seed","Label":"Seed","Category":"","Description":"","Attributes":0,"ValueType":"System.String"},"Value":"1045962591"}]},{"TestCase":{"Id":"bc9d2662-b7d7-e88d-9c08-e645e303b2cb","FullyQualifiedName":"Tests.TestDisplay.VisLnGodkendtPrint_Test","DisplayName":"VisLnGodkendtPrint_Test","ExecutorUri":"executor://NUnit3TestExecutor","Source":"C:\\Users\\jepp5\\Documents\\GitHub\\SWT_Examen\\swt_examen\\Tests\\bin\\Debug\\net6.0\\fine-code-coverage\\build-output\\Tests.dll","CodeFilePath":null,"LineNumber":0,"Properties":[{"Key":{"Id":"NUnit.Seed","Label":"Seed","Category":"","Description":"","Attributes":0,"ValueType":"System.String"},"Value":"897519943"}]},"Attachments":[],"Outcome":1,"ErrorMessage":null,"ErrorStackTrace":null,"DisplayName":"VisLnGodkendtPrint_Test","Messages":[],"ComputerName":"DESKTOP-GILPRA3","Duration":"00:00:00.0000940","StartTime":"2023-01-12T19:04:16.4432145+00:00","EndTime":"2023-01-12T19:04:16.4433088+00:00","Properties":[{"Key":{"Id":"NUnit.Seed","Label":"Seed","Category":"","Description":"","Attributes":0,"ValueType":"System.String"},"Value":"897519943"}]},{"TestCase":{"Id":"2035d2dc-8ff2-60dd-2d79-d445ea8f9745","FullyQualifiedName":"Tests.TestDisplay.VisYdelseForStor_Print","DisplayName":"VisYdelseForStor_Print","ExecutorUri":"executor://NUnit3TestExecutor","Source":"C:\\Users\\jepp5\\Documents\\GitHub\\SWT_Examen\\swt_examen\\Tests\\bin\\Debug\\net6.0\\fine-code-coverage\\build-output\\Tests.dll","CodeFilePath":null,"LineNumber":0,"Properties":[{"Key":{"Id":"NUnit.Seed","Label":"Seed","Category":"","Description":"","Attributes":0,"ValueType":"System.String"},"Value":"698422301"}]},"Attachments":[],"Outcome":1,"ErrorMessage":null,"ErrorStackTrace":null,"DisplayName":"VisYdelseForStor_Print","Messages":[],"ComputerName":"DESKTOP-GILPRA3","Duration":"00:00:00.0000890","StartTime":"2023-01-12T19:04:16.4433138+00:00","EndTime":"2023-01-12T19:04:16.4434031+00:00","Properties":[{"Key":{"Id":"NUnit.Seed","Label":"Seed","Category":"","Description":"","Attributes":0,"ValueType":"System.String"},"Value":"698422301"}]},{"TestCase":{"Id":"5d343a3c-e05f-0ed2-308e-2db7b658d7f1","FullyQualifiedName":"Tests.TestGodkendLn.BoundaryApproval(900,10000,True)","DisplayName":"BoundaryApproval(900,10000,True)","ExecutorUri":"executor://NUnit3TestExecutor","Source":"C:\\Users\\jepp5\\Documents\\GitHub\\SWT_Examen\\swt_examen\\Tests\\bin\\Debug\\net6.0\\fine-code-coverage\\build-output\\Tests.dll","CodeFilePath":null,"LineNumber":0,"Properties":[{"Key":{"Id":"NUnit.Seed","Label":"Seed","Category":"","Description":"","Attributes":0,"ValueType":"System.String"},"Value":"486071772"}]},"Attachments":[],"Outcome":1,"ErrorMessage":null,"ErrorStackTrace":null,"DisplayName":"BoundaryApproval(900,10000,True)","Messages":[],"ComputerName":"DESKTOP-GILPRA3","Duration":"00:00:00.0059320","StartTime":"2023-01-12T19:04:16.4434601+00:00","EndTime":"2023-01-12T19:04:16.4493921+00:00","Properties":[{"Key":{"Id":"NUnit.Seed","Label":"Seed","Category":"","Description":"","Attributes":0,"ValueType":"System.String"},"Value":"486071772"}]},{"TestCase":{"Id":"561ba5b1-50fa-d9e6-c726-844776e52f26","FullyQualifiedName":"Tests.TestGodkendLn.BoundaryApproval(1000,10000,True)","DisplayName":"BoundaryApproval(1000,10000,True)","ExecutorUri":"executor://NUnit3TestExecutor","Source":"C:\\Users\\jepp5\\Documents\\GitHub\\SWT_Examen\\swt_examen\\Tests\\bin\\Debug\\net6.0\\fine-code-coverage\\build-output\\Tests.dll","CodeFilePath":null,"LineNumber":0,"Properties":[{"Key":{"Id":"NUnit.Seed","Label":"Seed","Category":"","Description":"","Attributes":0,"ValueType":"System.String"},"Value":"560622712"}]},"Attachments":[],"Outcome":1,"ErrorMessage":null,"ErrorStackTrace":null,"DisplayName":"BoundaryApproval(1000,10000,True)","Messages":[],"ComputerName":"DESKTOP-GILPRA3","Duration":"00:00:00.0001260","StartTime":"2023-01-12T19:04:16.4493987+00:00","EndTime":"2023-01-12T19:04:16.449525+00:00","Properties":[{"Key":{"Id":"NUnit.Seed","Label":"Seed","Category":"","Description":"","Attributes":0,"ValueType":"System.String"},"Value":"560622712"}]},{"TestCase":{"Id":"4e550fc4-5616-6c56-b2a0-b50fee5f8729","FullyQualifiedName":"Tests.TestGodkendLn.BoundaryApproval(1100,10000,False)","DisplayName":"BoundaryApproval(1100,10000,False)","ExecutorUri":"executor://NUnit3TestExecutor","Source":"C:\\Users\\jepp5\\Documents\\GitHub\\SWT_Examen\\swt_examen\\Tests\\bin\\Debug\\net6.0\\fine-code-coverage\\build-output\\Tests.dll","CodeFilePath":null,"LineNumber":0,"Properties":[{"Key":{"Id":"NUnit.Seed","Label":"Seed","Category":"","Description":"","Attributes":0,"ValueType":"System.String"},"Value":"325689619"}]},"Attachments":[],"Outcome":1,"ErrorMessage":null,"ErrorStackTrace":null,"DisplayName":"BoundaryApproval(1100,10000,False)","Messages":[],"ComputerName":"DESKTOP-GILPRA3","Duration":"00:00:00.0001060","StartTime":"2023-01-12T19:04:16.4495294+00:00","EndTime":"2023-01-12T19:04:16.4496347+00:00","Properties":[{"Key":{"Id":"NUnit.Seed","Label":"Seed","Category":"","Description":"","Attributes":0,"ValueType":"System.String"},"Value":"325689619"}]},{"TestCase":{"Id":"03aef94e-cb73-b161-935c-d0f5acb9a8e1","FullyQualifiedName":"Tests.TestGodkendLn.ConstructCallPopRandom","DisplayName":"ConstructCallPopRandom","ExecutorUri":"executor://NUnit3TestExecutor","Source":"C:\\Users\\jepp5\\Documents\\GitHub\\SWT_Examen\\swt_examen\\Tests\\bin\\Debug\\net6.0\\fine-code-coverage\\build-output\\Tests.dll","CodeFilePath":null,"LineNumber":0,"Properties":[{"Key":{"Id":"NUnit.Seed","Label":"Seed","Category":"","Description":"","Attributes":0,"ValueType":"System.String"},"Value":"572756586"}]},"Attachments":[],"Outcome":1,"ErrorMessage":null,"ErrorStackTrace":null,"DisplayName":"ConstructCallPopRandom","Messages":[],"ComputerName":"DESKTOP-GILPRA3","Duration":"00:00:00.0000989","StartTime":"2023-01-12T19:04:16.4496459+00:00","EndTime":"2023-01-12T19:04:16.4497452+00:00","Properties":[{"Key":{"Id":"NUnit.Seed","Label":"Seed","Category":"","Description":"","Attributes":0,"ValueType":"System.String"},"Value":"572756586"}]}],"TestRunStatistics":{"ExecutedTests":18,"Stats":{"Passed":18}},"ActiveTests":[{"Id":"3f89feb3-6986-740d-5cbd-035126a2501d","FullyQualifiedName":"Tests.TestGodkendLn.ConstructWithValues","DisplayName":"ConstructWithValues","ExecutorUri":"executor://NUnit3TestExecutor","Source":"C:\\Users\\jepp5\\Documents\\GitHub\\SWT_Examen\\swt_examen\\Tests\\bin\\Debug\\net6.0\\fine-code-coverage\\build-output\\Tests.dll","CodeFilePath":null,"LineNumber":0,"Properties":[{"Key":{"Id":"NUnit.Seed","Label":"Seed","Category":"","Description":"","Attributes":0,"ValueType":"System.String"},"Value":"735385655"}]}]}}
TpTrace Verbose: 0 : 37468, 10, 2023/01/12, 20:04:16.487, 5236997814559, vstest.console.dll, TestRunRequest:SendTestRunStatsChange: Starting.
TpTrace Verbose: 0 : 37468, 10, 2023/01/12, 20:04:16.487, 5236997814960, vstest.console.dll, InProgress is ConstructWithValues
TpTrace Verbose: 0 : 37468, 10, 2023/01/12, 20:04:16.487, 5236997815187, vstest.console.dll, MulticastDelegateUtilities.SafeInvoke: TestRun.RunStatsChanged: Invoking callbacks was skipped because there are no subscribers.
TpTrace Information: 0 : 37468, 10, 2023/01/12, 20:04:16.487, 5236997815320, vstest.console.dll, TestRunRequest:SendTestRunStatsChange: Completed.
TpTrace Verbose: 0 : 37468, 10, 2023/01/12, 20:04:16.487, 5236997815437, vstest.console.dll, MulticastDelegateUtilities.SafeInvoke: LengthPrefixCommunicationChannel: MessageReceived: Invoking callback 1/1 for Microsoft.VisualStudio.TestPlatform.CommunicationUtilities.TestRequestSender+<>c__DisplayClass31_0.<StartTestRun>b__1, took 1 ms.
TpTrace Verbose: 0 : 37468, 10, 2023/01/12, 20:04:16.487, 5236997815547, vstest.console.dll, TcpClientExtensions.MessageLoopAsync: Polling on remoteEndPoint: 127.0.0.1:49172 localEndPoint: 127.0.0.1:49171
TpTrace Verbose: 0 : 37468, 4, 2023/01/12, 20:04:16.487, 5236997823237, vstest.console.dll, MulticastDelegateUtilities.SafeInvoke: InternalTestLoggerEvents.SendTestResult: Invoking callback 1/1 for Microsoft.VisualStudio.TestPlatform.CommandLine.Internal.ConsoleLogger.TestResultHandler, took 2 ms.
TpTrace Verbose: 0 : 37468, 4, 2023/01/12, 20:04:16.487, 5236997823843, vstest.console.dll, MulticastDelegateUtilities.SafeInvoke: InternalTestLoggerEvents.SendTestResult: Invoking callback 1/1 for Microsoft.VisualStudio.TestPlatform.CommandLine.Internal.ConsoleLogger.TestResultHandler, took 0 ms.
TpTrace Verbose: 0 : 37468, 4, 2023/01/12, 20:04:16.487, 5236997824106, vstest.console.dll, MulticastDelegateUtilities.SafeInvoke: InternalTestLoggerEvents.SendTestResult: Invoking callback 1/1 for Microsoft.VisualStudio.TestPlatform.CommandLine.Internal.ConsoleLogger.TestResultHandler, took 0 ms.
TpTrace Verbose: 0 : 37468, 4, 2023/01/12, 20:04:16.488, 5236997824243, vstest.console.dll, MulticastDelegateUtilities.SafeInvoke: InternalTestLoggerEvents.SendTestResult: Invoking callback 1/1 for Microsoft.VisualStudio.TestPlatform.CommandLine.Internal.ConsoleLogger.TestResultHandler, took 0 ms.
TpTrace Verbose: 0 : 37468, 4, 2023/01/12, 20:04:16.488, 5236997824405, vstest.console.dll, MulticastDelegateUtilities.SafeInvoke: InternalTestLoggerEvents.SendTestResult: Invoking callback 1/1 for Microsoft.VisualStudio.TestPlatform.CommandLine.Internal.ConsoleLogger.TestResultHandler, took 0 ms.
TpTrace Verbose: 0 : 37468, 4, 2023/01/12, 20:04:16.488, 5236997824600, vstest.console.dll, MulticastDelegateUtilities.SafeInvoke: InternalTestLoggerEvents.SendTestResult: Invoking callback 1/1 for Microsoft.VisualStudio.TestPlatform.CommandLine.Internal.ConsoleLogger.TestResultHandler, took 0 ms.
TpTrace Verbose: 0 : 37468, 10, 2023/01/12, 20:04:16.488, 5236997829368, vstest.console.dll, TcpClientExtensions.MessageLoopAsync: NotifyDataAvailable remoteEndPoint: 127.0.0.1:49172 localEndPoint: 127.0.0.1:49171
TpTrace Verbose: 0 : 37468, 10, 2023/01/12, 20:04:16.488, 5236997829860, vstest.console.dll, TestRequestSender.OnExecutionMessageReceived: Received message: {"Version":5,"MessageType":"TestSession.Message","Payload":{"MessageLevel":0,"Message":"NUnit Adapter 4.2.0.0: Test execution complete"}}
TpTrace Verbose: 0 : 37468, 10, 2023/01/12, 20:04:16.488, 5236997830278, vstest.console.dll, TestRunRequest:SendTestRunMessage: Starting.
TpTrace Verbose: 0 : 37468, 10, 2023/01/12, 20:04:16.488, 5236997830471, vstest.console.dll, MulticastDelegateUtilities.SafeInvoke: TestRun.LogMessages: Invoking callback 1/1 for Microsoft.VisualStudio.TestPlatform.CommandLine.TestRunResultAggregator.TestRunMessageHandler, took 0 ms.
TpTrace Information: 0 : 37468, 10, 2023/01/12, 20:04:16.488, 5236997830597, vstest.console.dll, TestRunRequest:SendTestRunMessage: Completed.
TpTrace Verbose: 0 : 37468, 10, 2023/01/12, 20:04:16.488, 5236997830697, vstest.console.dll, MulticastDelegateUtilities.SafeInvoke: LengthPrefixCommunicationChannel: MessageReceived: Invoking callback 1/1 for Microsoft.VisualStudio.TestPlatform.CommunicationUtilities.TestRequestSender+<>c__DisplayClass31_0.<StartTestRun>b__1, took 0 ms.
TpTrace Verbose: 0 : 37468, 10, 2023/01/12, 20:04:16.488, 5236997830800, vstest.console.dll, TcpClientExtensions.MessageLoopAsync: Polling on remoteEndPoint: 127.0.0.1:49172 localEndPoint: 127.0.0.1:49171
TpTrace Verbose: 0 : 37468, 4, 2023/01/12, 20:04:16.489, 5236997835055, vstest.console.dll, MulticastDelegateUtilities.SafeInvoke: InternalTestLoggerEvents.SendTestResult: Invoking callback 1/1 for Microsoft.VisualStudio.TestPlatform.CommandLine.Internal.ConsoleLogger.TestResultHandler, took 1 ms.
TpTrace Verbose: 0 : 37468, 4, 2023/01/12, 20:04:16.489, 5236997835518, vstest.console.dll, MulticastDelegateUtilities.SafeInvoke: InternalTestLoggerEvents.SendTestResult: Invoking callback 1/1 for Microsoft.VisualStudio.TestPlatform.CommandLine.Internal.ConsoleLogger.TestResultHandler, took 0 ms.
TpTrace Verbose: 0 : 37468, 4, 2023/01/12, 20:04:16.489, 5236997835696, vstest.console.dll, MulticastDelegateUtilities.SafeInvoke: InternalTestLoggerEvents.SendTestResult: Invoking callback 1/1 for Microsoft.VisualStudio.TestPlatform.CommandLine.Internal.ConsoleLogger.TestResultHandler, took 0 ms.
TpTrace Verbose: 0 : 37468, 4, 2023/01/12, 20:04:16.489, 5236997835880, vstest.console.dll, MulticastDelegateUtilities.SafeInvoke: InternalTestLoggerEvents.SendTestResult: Invoking callback 1/1 for Microsoft.VisualStudio.TestPlatform.CommandLine.Internal.ConsoleLogger.TestResultHandler, took 0 ms.
TpTrace Verbose: 0 : 37468, 4, 2023/01/12, 20:04:16.489, 5236997836036, vstest.console.dll, MulticastDelegateUtilities.SafeInvoke: InternalTestLoggerEvents.SendTestResult: Invoking callback 1/1 for Microsoft.VisualStudio.TestPlatform.CommandLine.Internal.ConsoleLogger.TestResultHandler, took 0 ms.
TpTrace Verbose: 0 : 37468, 4, 2023/01/12, 20:04:16.489, 5236997836163, vstest.console.dll, MulticastDelegateUtilities.SafeInvoke: InternalTestLoggerEvents.SendTestResult: Invoking callback 1/1 for Microsoft.VisualStudio.TestPlatform.CommandLine.Internal.ConsoleLogger.TestResultHandler, took 0 ms.
TpTrace Verbose: 0 : 37468, 4, 2023/01/12, 20:04:16.489, 5236997836295, vstest.console.dll, MulticastDelegateUtilities.SafeInvoke: InternalTestLoggerEvents.SendTestResult: Invoking callback 1/1 for Microsoft.VisualStudio.TestPlatform.CommandLine.Internal.ConsoleLogger.TestResultHandler, took 0 ms.
TpTrace Verbose: 0 : 37468, 4, 2023/01/12, 20:04:16.489, 5236997836414, vstest.console.dll, MulticastDelegateUtilities.SafeInvoke: InternalTestLoggerEvents.SendTestResult: Invoking callback 1/1 for Microsoft.VisualStudio.TestPlatform.CommandLine.Internal.ConsoleLogger.TestResultHandler, took 0 ms.
TpTrace Verbose: 0 : 37468, 4, 2023/01/12, 20:04:16.489, 5236997836543, vstest.console.dll, MulticastDelegateUtilities.SafeInvoke: InternalTestLoggerEvents.SendTestResult: Invoking callback 1/1 for Microsoft.VisualStudio.TestPlatform.CommandLine.Internal.ConsoleLogger.TestResultHandler, took 0 ms.
TpTrace Verbose: 0 : 37468, 4, 2023/01/12, 20:04:16.489, 5236997836677, vstest.console.dll, MulticastDelegateUtilities.SafeInvoke: InternalTestLoggerEvents.SendTestResult: Invoking callback 1/1 for Microsoft.VisualStudio.TestPlatform.CommandLine.Internal.ConsoleLogger.TestResultHandler, took 0 ms.
TpTrace Verbose: 0 : 37468, 4, 2023/01/12, 20:04:16.489, 5236997836799, vstest.console.dll, MulticastDelegateUtilities.SafeInvoke: InternalTestLoggerEvents.SendTestResult: Invoking callback 1/1 for Microsoft.VisualStudio.TestPlatform.CommandLine.Internal.ConsoleLogger.TestResultHandler, took 0 ms.
TpTrace Verbose: 0 : 37468, 4, 2023/01/12, 20:04:16.489, 5236997836915, vstest.console.dll, MulticastDelegateUtilities.SafeInvoke: InternalTestLoggerEvents.SendTestResult: Invoking callback 1/1 for Microsoft.VisualStudio.TestPlatform.CommandLine.Internal.ConsoleLogger.TestResultHandler, took 0 ms.
TpTrace Verbose: 0 : 37468, 4, 2023/01/12, 20:04:16.489, 5236997837058, vstest.console.dll, MulticastDelegateUtilities.SafeInvoke: InternalTestLoggerEvents.SendTestRunMessage: Invoking callback 1/1 for Microsoft.VisualStudio.TestPlatform.CommandLine.Internal.ConsoleLogger.TestMessageHandler, took 0 ms.
TpTrace Verbose: 0 : 37468, 10, 2023/01/12, 20:04:16.496, 5236997913637, vstest.console.dll, TcpClientExtensions.MessageLoopAsync: NotifyDataAvailable remoteEndPoint: 127.0.0.1:49172 localEndPoint: 127.0.0.1:49171
TpTrace Verbose: 0 : 37468, 10, 2023/01/12, 20:04:16.497, 5236997915144, vstest.console.dll, TestRequestSender.OnExecutionMessageReceived: Received message: {"Version":5,"MessageType":"TestExecution.Completed","Payload":{"TestRunCompleteArgs":{"TestRunStatistics":{"ExecutedTests":24,"Stats":{"Passed":24}},"IsCanceled":false,"IsAborted":false,"Error":null,"AttachmentSets":[],"ElapsedTimeInRunningTests":"00:00:00.2101506","Metrics":{}},"LastRunTests":{"NewTestResults":[{"TestCase":{"Id":"3f89feb3-6986-740d-5cbd-035126a2501d","FullyQualifiedName":"Tests.TestGodkendLn.ConstructWithValues","DisplayName":"ConstructWithValues","ExecutorUri":"executor://NUnit3TestExecutor","Source":"C:\\Users\\jepp5\\Documents\\GitHub\\SWT_Examen\\swt_examen\\Tests\\bin\\Debug\\net6.0\\fine-code-coverage\\build-output\\Tests.dll","CodeFilePath":null,"LineNumber":0,"Properties":[{"Key":{"Id":"NUnit.Seed","Label":"Seed","Category":"","Description":"","Attributes":0,"ValueType":"System.String"},"Value":"735385655"}]},"Attachments":[],"Outcome":1,"ErrorMessage":null,"ErrorStackTrace":null,"DisplayName":"ConstructWithValues","Messages":[],"ComputerName":"DESKTOP-GILPRA3","Duration":"00:00:00.0004740","StartTime":"2023-01-12T19:04:16.4497505+00:00","EndTime":"2023-01-12T19:04:16.4502242+00:00","Properties":[{"Key":{"Id":"NUnit.Seed","Label":"Seed","Category":"","Description":"","Attributes":0,"ValueType":"System.String"},"Value":"735385655"}]},{"TestCase":{"Id":"84f524db-056a-8fdd-bcdd-ea64cae2ffd1","FullyQualifiedName":"Tests.TestGodkendLn.FrigivLn","DisplayName":"FrigivLn","ExecutorUri":"executor://NUnit3TestExecutor","Source":"C:\\Users\\jepp5\\Documents\\GitHub\\SWT_Examen\\swt_examen\\Tests\\bin\\Debug\\net6.0\\fine-code-coverage\\build-output\\Tests.dll","CodeFilePath":null,"LineNumber":0,"Properties":[{"Key":{"Id":"NUnit.Seed","Label":"Seed","Category":"","Description":"","Attributes":0,"ValueType":"System.String"},"Value":"211134628"}]},"Attachments":[],"Outcome":1,"ErrorMessage":null,"ErrorStackTrace":null,"DisplayName":"FrigivLn","Messages":[],"ComputerName":"DESKTOP-GILPRA3","Duration":"00:00:00.0010110","StartTime":"2023-01-12T19:04:16.4502306+00:00","EndTime":"2023-01-12T19:04:16.4512415+00:00","Properties":[{"Key":{"Id":"NUnit.Seed","Label":"Seed","Category":"","Description":"","Attributes":0,"ValueType":"System.String"},"Value":"211134628"}]},{"TestCase":{"Id":"22aafa65-fdaa-e3a7-ef8f-7a47766a5189","FullyQualifiedName":"Tests.TestGodkendLn.LneDokument","DisplayName":"LneDokument","ExecutorUri":"executor://NUnit3TestExecutor","Source":"C:\\Users\\jepp5\\Documents\\GitHub\\SWT_Examen\\swt_examen\\Tests\\bin\\Debug\\net6.0\\fine-code-coverage\\build-output\\Tests.dll","CodeFilePath":null,"LineNumber":0,"Properties":[{"Key":{"Id":"NUnit.Seed","Label":"Seed","Category":"","Description":"","Attributes":0,"ValueType":"System.String"},"Value":"1831157461"}]},"Attachments":[],"Outcome":1,"ErrorMessage":null,"ErrorStackTrace":null,"DisplayName":"LneDokument","Messages":[],"ComputerName":"DESKTOP-GILPRA3","Duration":"00:00:00.0002280","StartTime":"2023-01-12T19:04:16.4512479+00:00","EndTime":"2023-01-12T19:04:16.4514759+00:00","Properties":[{"Key":{"Id":"NUnit.Seed","Label":"Seed","Category":"","Description":"","Attributes":0,"ValueType":"System.String"},"Value":"1831157461"}]},{"TestCase":{"Id":"6523ec6b-80e3-946c-897d-47048571401c","FullyQualifiedName":"Tests.TestKontoServer.BogfrBelb","DisplayName":"BogfrBelb","ExecutorUri":"executor://NUnit3TestExecutor","Source":"C:\\Users\\jepp5\\Documents\\GitHub\\SWT_Examen\\swt_examen\\Tests\\bin\\Debug\\net6.0\\fine-code-coverage\\build-output\\Tests.dll","CodeFilePath":null,"LineNumber":0,"Properties":[{"Key":{"Id":"NUnit.Seed","Label":"Seed","Category":"","Description":"","Attributes":0,"ValueType":"System.String"},"Value":"847290728"}]},"Attachments":[],"Outcome":1,"ErrorMessage":null,"ErrorStackTrace":null,"DisplayName":"BogfrBelb","Messages":[],"ComputerName":"DESKTOP-GILPRA3","Duration":"00:00:00.0002130","StartTime":"2023-01-12T19:04:16.4515295+00:00","EndTime":"2023-01-12T19:04:16.4517428+00:00","Properties":[{"Key":{"Id":"NUnit.Seed","Label":"Seed","Category":"","Description":"","Attributes":0,"ValueType":"System.String"},"Value":"847290728"}]},{"TestCase":{"Id":"36f10e62-daea-db84-5ab3-67762af6d498","FullyQualifiedName":"Tests.TestPrinter.PrintDocument_Test","DisplayName":"PrintDocument_Test","ExecutorUri":"executor://NUnit3TestExecutor","Source":"C:\\Users\\jepp5\\Documents\\GitHub\\SWT_Examen\\swt_examen\\Tests\\bin\\Debug\\net6.0\\fine-code-coverage\\build-output\\Tests.dll","CodeFilePath":null,"LineNumber":0,"Properties":[{"Key":{"Id":"NUnit.Seed","Label":"Seed","Category":"","Description":"","Attributes":0,"ValueType":"System.String"},"Value":"788499076"}]},"Attachments":[],"Outcome":1,"ErrorMessage":null,"ErrorStackTrace":null,"DisplayName":"PrintDocument_Test","Messages":[],"ComputerName":"DESKTOP-GILPRA3","Duration":"00:00:00.0001770","StartTime":"2023-01-12T19:04:16.451793+00:00","EndTime":"2023-01-12T19:04:16.4519696+00:00","Properties":[{"Key":{"Id":"NUnit.Seed","Label":"Seed","Category":"","Description":"","Attributes":0,"ValueType":"System.String"},"Value":"788499076"}]},{"TestCase":{"Id":"c5a95236-00f3-ef0c-eaa9-84b88ab1f860","FullyQualifiedName":"Tests.TestRenteserver.StartRente_Test","DisplayName":"StartRente_Test","ExecutorUri":"executor://NUnit3TestExecutor","Source":"C:\\Users\\jepp5\\Documents\\GitHub\\SWT_Examen\\swt_examen\\Tests\\bin\\Debug\\net6.0\\fine-code-coverage\\build-output\\Tests.dll","CodeFilePath":null,"LineNumber":0,"Properties":[{"Key":{"Id":"NUnit.Seed","Label":"Seed","Category":"","Description":"","Attributes":0,"ValueType":"System.String"},"Value":"953586606"}]},"Attachments":[],"Outcome":1,"ErrorMessage":null,"ErrorStackTrace":null,"DisplayName":"StartRente_Test","Messages":[],"ComputerName":"DESKTOP-GILPRA3","Duration":"00:00:00.0002430","StartTime":"2023-01-12T19:04:16.45202+00:00","EndTime":"2023-01-12T19:04:16.4522629+00:00","Properties":[{"Key":{"Id":"NUnit.Seed","Label":"Seed","Category":"","Description":"","Attributes":0,"ValueType":"System.String"},"Value":"953586606"}]}],"TestRunStatistics":{"ExecutedTests":24,"Stats":{"Passed":24}},"ActiveTests":[]},"RunAttachments":[],"ExecutorUris":["executor://nunit3testexecutor/"]}}
TpTrace Verbose: 0 : 37468, 10, 2023/01/12, 20:04:16.497, 5236997916256, vstest.console.dll, TestRequestSender.EndSession: Sending end session.
TpTrace Verbose: 0 : 37468, 10, 2023/01/12, 20:04:16.497, 5236997917421, vstest.console.dll, ProxyOperationManager.Close: waiting for test host to exit for 100 ms
TpTrace Warning: 0 : 37468, 12, 2023/01/12, 20:04:16.507, 5236998017259, vstest.console.dll, TestHostManagerCallbacks.ErrorReceivedCallback Test host standard error line: 
TpTrace Verbose: 0 : 37468, 12, 2023/01/12, 20:04:16.511, 5236998062748, vstest.console.dll, TestHostProvider.ExitCallBack: Host exited starting callback.
TpTrace Information: 0 : 37468, 12, 2023/01/12, 20:04:16.512, 5236998065264, vstest.console.dll, TestHostManagerCallbacks.ExitCallBack: Testhost processId: 22316 exited with exitcode: 0 error: ''
TpTrace Verbose: 0 : 37468, 12, 2023/01/12, 20:04:16.512, 5236998065573, vstest.console.dll, DotnetTestHostManager.OnHostExited: invoking OnHostExited callback
TpTrace Verbose: 0 : 37468, 12, 2023/01/12, 20:04:16.512, 5236998065893, vstest.console.dll, CrossPlatEngine.TestHostManagerHostExited: calling on client process exit callback.
TpTrace Information: 0 : 37468, 12, 2023/01/12, 20:04:16.512, 5236998066175, vstest.console.dll, TestRequestSender.OnClientProcessExit: Test host process exited. Standard error: 
TpTrace Information: 0 : 37468, 12, 2023/01/12, 20:04:16.512, 5236998066328, vstest.console.dll, SocketServer.Stop: Stop server endPoint: 127.0.0.1:49171
TpTrace Information: 0 : 37468, 12, 2023/01/12, 20:04:16.512, 5236998066419, vstest.console.dll, SocketServer.Stop: Cancellation requested. Stopping message loop.
TpTrace Information: 0 : 37468, 10, 2023/01/12, 20:04:16.512, 5236998066387, vstest.console.dll, SocketServer.Stop: Stop server endPoint: 127.0.0.1:49171
TpTrace Information: 0 : 37468, 10, 2023/01/12, 20:04:16.512, 5236998066799, vstest.console.dll, SocketServer.Stop: Cancellation requested. Stopping message loop.
TpTrace Information: 0 : 37468, 10, 2023/01/12, 20:04:16.512, 5236998067000, vstest.console.dll, Closing the connection
TpTrace Verbose: 0 : 37468, 12, 2023/01/12, 20:04:16.512, 5236998066937, vstest.console.dll, MulticastDelegateUtilities.SafeInvoke: HostProviderEvents.OnHostExited: Invoking callback 1/1 for Microsoft.VisualStudio.TestPlatform.CrossPlatEngine.Client.ProxyOperationManager.TestHostManagerHostExited, took 0 ms.
TpTrace Verbose: 0 : 37468, 10, 2023/01/12, 20:04:16.512, 5236998068276, vstest.console.dll, ProxyDataCollectionManager.InvokeDataCollectionServiceAction: Starting.
TpTrace Information: 0 : 37468, 10, 2023/01/12, 20:04:16.512, 5236998068538, vstest.console.dll, ProxyDataCollectionManager.AfterTestRunEnd: Get attachment set and invoked data collectors processId: 2072 port: 49168
TpTrace Verbose: 0 : 37468, 10, 2023/01/12, 20:04:16.512, 5236998068815, vstest.console.dll, DataCollectionRequestSender.SendAfterTestRunStartAndGetResult: Send AfterTestRunEnd message with isCancelled: False
TpTrace Verbose: 0 : 37468, 10, 2023/01/12, 20:04:16.516, 5236998113857, vstest.console.dll, DataCollectionRequestSender.SendAfterTestRunStartAndGetResult: Received message: (DataCollection.AfterTestRunEndResult) -> {"MessageType":"DataCollection.AfterTestRunEndResult","Payload":{"AttachmentSets":[],"InvokedDataCollectors":[{"Uri":"datacollector://Microsoft/TestPlatform/Extensions/Blame/v1","FriendlyName":"Blame","AssemblyQualifiedName":"Microsoft.TestPlatform.Extensions.BlameDataCollector.BlameCollector, Microsoft.TestPlatform.Extensions.BlameDataCollector, Version=15.0.0.0, Culture=neutral, PublicKeyToken=b03f5f7f11d50a3a","FilePath":"C:\\Program Files\\dotnet\\sdk\\6.0.402\\Extensions\\Microsoft.TestPlatform.Extensions.BlameDataCollector.dll","HasAttachmentProcessor":false}],"Metrics":{}}}
TpTrace Warning: 0 : 37468, 9, 2023/01/12, 20:04:16.519, 5236998142670, vstest.console.dll, DataCollectionLauncher.ErrorReceivedCallback datacollector standard error line: 
TpTrace Information: 0 : 37468, 10, 2023/01/12, 20:04:16.520, 5236998147916, vstest.console.dll, ProxyDataCollectionManager.InvokeDataCollectionServiceAction: Completed.
TpTrace Information: 0 : 37468, 9, 2023/01/12, 20:04:16.523, 5236998174536, vstest.console.dll, DataCollectionLauncher.ExitCallBack: Data collector exited with exitcode: 0 error: ''
TpTrace Verbose: 0 : 37468, 10, 2023/01/12, 20:04:16.542, 5236998364940, vstest.console.dll, TestRunRequest:SendTestRunStatsChange: Starting.
TpTrace Verbose: 0 : 37468, 10, 2023/01/12, 20:04:16.542, 5236998365700, vstest.console.dll, MulticastDelegateUtilities.SafeInvoke: TestRun.RunStatsChanged: Invoking callbacks was skipped because there are no subscribers.
TpTrace Information: 0 : 37468, 10, 2023/01/12, 20:04:16.542, 5236998365858, vstest.console.dll, TestRunRequest:SendTestRunStatsChange: Completed.
TpTrace Verbose: 0 : 37468, 4, 2023/01/12, 20:04:16.542, 5236998366065, vstest.console.dll, MulticastDelegateUtilities.SafeInvoke: InternalTestLoggerEvents.SendTestResult: Invoking callback 1/1 for Microsoft.VisualStudio.TestPlatform.CommandLine.Internal.ConsoleLogger.TestResultHandler, took 0 ms.
TpTrace Verbose: 0 : 37468, 4, 2023/01/12, 20:04:16.542, 5236998366481, vstest.console.dll, MulticastDelegateUtilities.SafeInvoke: InternalTestLoggerEvents.SendTestResult: Invoking callback 1/1 for Microsoft.VisualStudio.TestPlatform.CommandLine.Internal.ConsoleLogger.TestResultHandler, took 0 ms.
TpTrace Verbose: 0 : 37468, 4, 2023/01/12, 20:04:16.542, 5236998366694, vstest.console.dll, MulticastDelegateUtilities.SafeInvoke: InternalTestLoggerEvents.SendTestResult: Invoking callback 1/1 for Microsoft.VisualStudio.TestPlatform.CommandLine.Internal.ConsoleLogger.TestResultHandler, took 0 ms.
TpTrace Verbose: 0 : 37468, 4, 2023/01/12, 20:04:16.542, 5236998366834, vstest.console.dll, MulticastDelegateUtilities.SafeInvoke: InternalTestLoggerEvents.SendTestResult: Invoking callback 1/1 for Microsoft.VisualStudio.TestPlatform.CommandLine.Internal.ConsoleLogger.TestResultHandler, took 0 ms.
TpTrace Verbose: 0 : 37468, 4, 2023/01/12, 20:04:16.542, 5236998366959, vstest.console.dll, MulticastDelegateUtilities.SafeInvoke: InternalTestLoggerEvents.SendTestResult: Invoking callback 1/1 for Microsoft.VisualStudio.TestPlatform.CommandLine.Internal.ConsoleLogger.TestResultHandler, took 0 ms.
TpTrace Verbose: 0 : 37468, 4, 2023/01/12, 20:04:16.542, 5236998367098, vstest.console.dll, MulticastDelegateUtilities.SafeInvoke: InternalTestLoggerEvents.SendTestResult: Invoking callback 1/1 for Microsoft.VisualStudio.TestPlatform.CommandLine.Internal.ConsoleLogger.TestResultHandler, took 0 ms.
TpTrace Verbose: 0 : 37468, 10, 2023/01/12, 20:04:16.542, 5236998367288, vstest.console.dll, ParallelProxyExecutionManager: HandlePartialRunComplete: Total completed clients = 1, Run complete = True, Run canceled: False.
TpTrace Verbose: 0 : 37468, 4, 2023/01/12, 20:04:16.547, 5236998416569, vstest.console.dll, MulticastDelegateUtilities.SafeInvoke: InternalTestLoggerEvents.SendTestRunComplete: Invoking callback 1/2 for Microsoft.TestPlatform.Extensions.BlameDataCollector.BlameLogger.TestRunCompleteHandler, took 0 ms.
TpTrace Verbose: 0 : 37468, 4, 2023/01/12, 20:04:16.549, 5236998440625, vstest.console.dll, MulticastDelegateUtilities.SafeInvoke: InternalTestLoggerEvents.SendTestRunComplete: Invoking callback 2/2 for Microsoft.VisualStudio.TestPlatform.CommandLine.Internal.ConsoleLogger.TestRunCompleteHandler, took 2 ms.
TpTrace Verbose: 0 : 37468, 10, 2023/01/12, 20:04:16.549, 5236998441973, vstest.console.dll, TestRunRequest:TestRunComplete: Starting. IsAborted:False IsCanceled:False.
TpTrace Verbose: 0 : 37468, 10, 2023/01/12, 20:04:16.550, 5236998447185, vstest.console.dll, TestLoggerManager.HandleTestRunComplete: Ignoring as the object is disposed.
TpTrace Verbose: 0 : 37468, 10, 2023/01/12, 20:04:16.550, 5236998448073, vstest.console.dll, MulticastDelegateUtilities.SafeInvoke: TestRun.TestRunComplete: Invoking callback 1/2 for Microsoft.VisualStudio.TestPlatform.CommandLine.TestRunResultAggregator.TestRunCompletionHandler, took 0 ms.
TpTrace Verbose: 0 : 37468, 10, 2023/01/12, 20:04:16.550, 5236998448496, vstest.console.dll, MulticastDelegateUtilities.SafeInvoke: TestRun.TestRunComplete: Invoking callback 2/2 for Microsoft.VisualStudio.TestPlatform.CommandLine.Processors.RunTestsArgumentExecutor+TestRunRequestEventsRegistrar.TestRunRequest_OnRunCompletion, took 0 ms.
TpTrace Information: 0 : 37468, 10, 2023/01/12, 20:04:16.550, 5236998448982, vstest.console.dll, TestRunRequest:TestRunComplete: Completed.
TpTrace Verbose: 0 : 37468, 1, 2023/01/12, 20:04:16.550, 5236998449138, vstest.console.dll, TestRunRequest.Dispose: Starting.
TpTrace Verbose: 0 : 37468, 10, 2023/01/12, 20:04:16.550, 5236998449226, vstest.console.dll, TestRequestSender.SetOperationComplete: Setting operation complete.
TpTrace Information: 0 : 37468, 1, 2023/01/12, 20:04:16.550, 5236998449582, vstest.console.dll, TestRunRequest.Dispose: Completed.
TpTrace Information: 0 : 37468, 10, 2023/01/12, 20:04:16.550, 5236998449864, vstest.console.dll, SocketServer.Stop: Stop server endPoint: 127.0.0.1:49171
TpTrace Information: 0 : 37468, 10, 2023/01/12, 20:04:16.550, 5236998450103, vstest.console.dll, SocketServer.Stop: Cancellation requested. Stopping message loop.
TpTrace Information: 0 : 37468, 1, 2023/01/12, 20:04:16.550, 5236998450226, vstest.console.dll, TestRequestManager.RunTests: run tests completed.
TpTrace Verbose: 0 : 37468, 10, 2023/01/12, 20:04:16.550, 5236998450286, vstest.console.dll, MulticastDelegateUtilities.SafeInvoke: LengthPrefixCommunicationChannel: MessageReceived: Invoking callback 1/1 for Microsoft.VisualStudio.TestPlatform.CommunicationUtilities.TestRequestSender+<>c__DisplayClass31_0.<StartTestRun>b__1, took 53 ms.
TpTrace Information: 0 : 37468, 10, 2023/01/12, 20:04:16.550, 5236998450621, vstest.console.dll, SocketServer.PrivateStop: Stopping server endPoint: 127.0.0.1:49171 error: 
TpTrace Information: 0 : 37468, 1, 2023/01/12, 20:04:16.550, 5236998450663, vstest.console.dll, RunTestsArgumentProcessor:Execute: Test run is completed.
TpTrace Verbose: 0 : 37468, 1, 2023/01/12, 20:04:16.550, 5236998452001, vstest.console.dll, Executor.Execute: Exiting with exit code of 0
TpTrace Verbose: 0 : 37468, 10, 2023/01/12, 20:04:16.550, 5236998453485, vstest.console.dll, LengthPrefixCommunicationChannel.Dispose: Dispose reader and writer.
TpTrace Information: 0 : 37468, 10, 2023/01/12, 20:04:16.550, 5236998453978, vstest.console.dll, SocketServer.Stop: Raise disconnected event endPoint: 127.0.0.1:49171 error: 
TpTrace Verbose: 0 : 37468, 10, 2023/01/12, 20:04:16.551, 5236998454296, vstest.console.dll, TestRequestSender: OnTestRunAbort: Operation is already complete. Skip error message.
TpTrace Verbose: 0 : 37468, 10, 2023/01/12, 20:04:16.551, 5236998454468, vstest.console.dll, MulticastDelegateUtilities.SafeInvoke: SocketServer: ClientDisconnected: Invoking callback 1/1 for Microsoft.VisualStudio.TestPlatform.CommunicationUtilities.TestRequestSender.<InitializeCommunication>b__24_1, took 0 ms.
TpTrace Verbose: 0 : 37468, 10, 2023/01/12, 20:04:16.551, 5236998454591, vstest.console.dll, TcpClientExtensions.MessageLoopAsync: exiting MessageLoopAsync remoteEndPoint: 127.0.0.1:49172 localEndPoint: 127.0.0.1:49171
